Log file open, 05/03/20 20:57:33
LogWindows: Failed to load 'aqProf.dll' (GetLastError=126)
LogWindows: File 'aqProf.dll' does not exist
LogWindows: Failed to load 'VSPerf140.dll' (GetLastError=126)
LogWindows: File 'VSPerf140.dll' does not exist
LogWindows: Failed to load 'VtuneApi.dll' (GetLastError=126)
LogWindows: File 'VtuneApi.dll' does not exist
LogWindows: Failed to load 'VtuneApi32e.dll' (GetLastError=126)
LogWindows: File 'VtuneApi32e.dll' does not exist
LogInit: Display: Running engine for game: gameJuliaKonarczak
LogPlatformFile: Not using cached read wrapper
LogTaskGraph: Started task graph with 5 named threads and 11 total threads with 3 sets of task threads.
LogStats: Stats thread started at 0.228132
LogD3D11RHI: Loaded GFSDK_Aftermath_Lib.x64.dll
LogICUInternationalization: Display: ICU TimeZone Detection - Raw Offset: +1:00, Platform Override: ''
LogPluginManager: Mounting plugin Paper2D
LogPluginManager: Mounting plugin AISupport
LogPluginManager: Mounting plugin LightPropagationVolume
LogPluginManager: Mounting plugin CLionSourceCodeAccess
LogPluginManager: Mounting plugin CodeLiteSourceCodeAccess
LogPluginManager: Mounting plugin GitSourceControl
LogPluginManager: Mounting plugin KDevelopSourceCodeAccess
LogPluginManager: Mounting plugin NullSourceCodeAccess
LogPluginManager: Mounting plugin PerforceSourceControl
LogPluginManager: Mounting plugin SubversionSourceControl
LogPluginManager: Mounting plugin UObjectPlugin
LogPluginManager: Mounting plugin VisualStudioCodeSourceCodeAccess
LogPluginManager: Mounting plugin VisualStudioSourceCodeAccess
LogPluginManager: Mounting plugin XCodeSourceCodeAccess
LogPluginManager: Mounting plugin AssetManagerEditor
LogPluginManager: Mounting plugin CryptoKeys
LogPluginManager: Mounting plugin DataValidation
LogPluginManager: Mounting plugin FacialAnimation
LogPluginManager: Mounting plugin GameplayTagsEditor
LogPluginManager: Mounting plugin MacGraphicsSwitching
LogPluginManager: Mounting plugin MeshEditor
LogPluginManager: Mounting plugin MobileLauncherProfileWizard
LogPluginManager: Mounting plugin PluginBrowser
LogPluginManager: Mounting plugin SpeedTreeImporter
LogPluginManager: Mounting plugin DatasmithContent
LogPluginManager: Mounting plugin AlembicImporter
LogPluginManager: Mounting plugin AppleImageUtils
LogPluginManager: Mounting plugin AppleVision
LogPluginManager: Mounting plugin BackChannel
LogPluginManager: Mounting plugin CharacterAI
LogPluginManager: Mounting plugin GeometryCache
LogPluginManager: Mounting plugin HTML5Networking
LogPluginManager: Mounting plugin ProxyLODPlugin
LogPluginManager: Mounting plugin MagicLeap
LogPluginManager: Mounting plugin MagicLeapEmulator
LogPluginManager: Mounting plugin MagicLeapMedia
LogPluginManager: Mounting plugin AndroidMedia
LogPluginManager: Mounting plugin AvfMedia
LogPluginManager: Mounting plugin ImgMedia
LogPluginManager: Mounting plugin LinearTimecode
LogPluginManager: Mounting plugin MediaCompositing
LogPluginManager: Mounting plugin MediaPlayerEditor
LogPluginManager: Mounting plugin WmfMedia
LogPluginManager: Mounting plugin TcpMessaging
LogPluginManager: Mounting plugin UdpMessaging
LogPluginManager: Mounting plugin ActorSequence
LogPluginManager: Mounting plugin LevelSequenceEditor
LogPluginManager: Mounting plugin MatineeToLevelSequence
LogPluginManager: Mounting plugin NetcodeUnitTest
LogPluginManager: Mounting plugin NUTUnrealEngine4
LogPluginManager: Mounting plugin OnlineSubsystemGooglePlay
LogPluginManager: Mounting plugin OnlineSubsystemIOS
LogPluginManager: Mounting plugin OnlineSubsystem
LogPluginManager: Mounting plugin OnlineSubsystemNull
LogPluginManager: Mounting plugin OnlineSubsystemUtils
LogPluginManager: Mounting plugin LauncherChunkInstaller
LogPluginManager: Mounting plugin AndroidDeviceProfileSelector
LogPluginManager: Mounting plugin AndroidMoviePlayer
LogPluginManager: Mounting plugin AndroidPermission
LogPluginManager: Mounting plugin AppleMoviePlayer
LogPluginManager: Mounting plugin ArchVisCharacter
LogPluginManager: Mounting plugin AudioCapture
LogPluginManager: Mounting plugin CableComponent
LogPluginManager: Mounting plugin CustomMeshComponent
LogPluginManager: Mounting plugin EditableMesh
LogPluginManager: Mounting plugin ExampleDeviceProfileSelector
LogPluginManager: Mounting plugin GoogleCloudMessaging
LogPluginManager: Mounting plugin ImmediatePhysics
LogPluginManager: Mounting plugin IOSDeviceProfileSelector
LogPluginManager: Mounting plugin LinuxDeviceProfileSelector
LogPluginManager: Mounting plugin LocationServicesBPLibrary
LogPluginManager: Mounting plugin MobilePatchingUtils
LogPluginManager: Mounting plugin OculusVR
LogPluginManager: Plugin shader directory ../../../Engine/Plugins/Runtime/Oculus/OculusVR/Shaders found
LogPluginManager: Mapping shader source directory ../../../Engine/Plugins/Runtime/Oculus/OculusVR/Shaders to virtual directory /Plugin/OculusVR
LogPluginManager: Mounting plugin PhysXVehicles
LogPluginManager: Mounting plugin ProceduralMeshComponent
LogPluginManager: Mounting plugin RuntimePhysXCooking
LogPluginManager: Mounting plugin SteamVR
LogPluginManager: Mounting plugin WindowsMoviePlayer
LogStreaming: Display: Took  0.435s to configure plugins.
LogInit: Using libcurl 7.55.1-DEV
LogInit:  - built for x86_64-pc-win32
LogInit:  - supports SSL with OpenSSL/1.0.2h
LogInit:  - supports HTTP deflate (compression) using libz 1.2.8
LogInit:  - other features:
LogInit:      CURL_VERSION_SSL
LogInit:      CURL_VERSION_LIBZ
LogInit:      CURL_VERSION_IPV6
LogInit:      CURL_VERSION_ASYNCHDNS
LogInit:      CURL_VERSION_LARGEFILE
LogInit:      CURL_VERSION_IDN
LogInit:  CurlRequestOptions (configurable via config and command line):
LogInit:  - bVerifyPeer = false  - Libcurl will NOT verify peer certificate
LogInit:  - bUseHttpProxy = false  - Libcurl will NOT use HTTP proxy
LogInit:  - bDontReuseConnections = false  - Libcurl will reuse connections
LogInit:  - CertBundlePath = nullptr  - Libcurl will use whatever was configured at build time.
LogInit:  - MaxHostConnections = 16  - Libcurl will limit the number of connections to a host
LogInit:  - LocalHostAddr = Default
LogInit:  - BufferSize = 65536
LogInit: WinSock: version 1.1 (2.2), MaxSocks=32767, MaxUdp=65467
LogInit: Build: ++UE4+Release-4.20-CL-4369336
LogInit: Engine Version: 4.20.3-4369336+++UE4+Release-4.20
LogInit: Compatible Engine Version: 4.20.0-4212847+++UE4+Release-4.20
LogInit: Net CL: 4212847
LogInit: OS: Windows 10 (), CPU: Intel(R) Core(TM) i5-4200M CPU @ 2.50GHz, GPU: Intel(R) HD Graphics 4600
LogInit: Compiled (64-bit): Sep 17 2018 12:26:19
LogInit: Compiled with Visual C++: 19.13.26129.00
LogInit: Build Configuration: Development
LogInit: Branch Name: ++UE4+Release-4.20
LogInit: Command Line: 
LogInit: Base Directory: C:/Program Files/Epic Games/UE_4.20/Engine/Binaries/Win64/
LogInit: Installed Engine Build: 1
LogDevObjectVersion: Number of dev versions registered: 20
LogDevObjectVersion:   Dev-Blueprints (B0D832E4-1F89-4F0D-ACCF-7EB736FD4AA2): 10
LogDevObjectVersion:   Dev-Build (E1C64328-A22C-4D53-A36C-8E866417BD8C): 0
LogDevObjectVersion:   Dev-Core (375EC13C-06E4-48FB-B500-84F0262A717E): 2
LogDevObjectVersion:   Dev-Editor (E4B068ED-F494-42E9-A231-DA0B2E46BB41): 24
LogDevObjectVersion:   Dev-Framework (CFFC743F-43B0-4480-9391-14DF171D2073): 34
LogDevObjectVersion:   Dev-Mobile (B02B49B5-BB20-44E9-A304-32B752E40360): 2
LogDevObjectVersion:   Dev-Networking (A4E4105C-59A1-49B5-A7C5-40C4547EDFEE): 0
LogDevObjectVersion:   Dev-Online (39C831C9-5AE6-47DC-9A44-9C173E1C8E7C): 0
LogDevObjectVersion:   Dev-Physics (78F01B33-EBEA-4F98-B9B4-84EACCB95AA2): 0
LogDevObjectVersion:   Dev-Platform (6631380F-2D4D-43E0-8009-CF276956A95A): 0
LogDevObjectVersion:   Dev-Rendering (12F88B9F-8875-4AFC-A67C-D90C383ABD29): 26
LogDevObjectVersion:   Dev-Sequencer (7B5AE74C-D270-4C10-A958-57980B212A5A): 9
LogDevObjectVersion:   Dev-VR (D7296918-1DD6-4BDD-9DE2-64A83CC13884): 2
LogDevObjectVersion:   Dev-LoadTimes (C2A15278-BFE7-4AFE-6C17-90FF531DF755): 1
LogDevObjectVersion:   Private-Geometry (6EACA3D4-40EC-4CC1-B786-8BED09428FC5): 3
LogDevObjectVersion:   Dev-AnimPhys (29E575DD-E0A3-4627-9D10-D276232CDCEA): 17
LogDevObjectVersion:   Dev-ReflectionCapture (6B266CEC-1EC7-4B8F-A30B-E4D90942FC07): 1
LogDevObjectVersion:   Dev-Automation (0DF73D61-A23F-47EA-B727-89E90C41499A): 1
LogDevObjectVersion:   FortniteMain (601D1886-AC64-4F84-AA16-D3DE0DEAC7D6): 12
LogDevObjectVersion:   Dev-Enterprise (9DFFBCD6-494F-0158-E221-12823C92A888): 1
LogStreaming: Display: Took  0.005s to delete old logs.
LogInit: Presizing for max 8388607 objects, including 0 objects not considered by GC, pre-allocating 0 bytes for permanent pool.
LogInit: Object subsystem initialized
[2020.05.03-18.57.34:113][  0]LogInit: Selected Device Profile: [Windows]
[2020.05.03-18.57.34:113][  0]LogInit: Applying CVar settings loaded from the selected device profile: [Windows]
[2020.05.03-18.57.34:147][  0]LogHAL: Display: Platform has ~ 8 GB [8501403648 / 8589934592 / 8], which maps to Default [LargestMinGB=32, LargerMinGB=12, DefaultMinGB=8, SmallerMinGB=6, SmallestMinGB=0)
[2020.05.03-18.57.34:147][  0]LogInit: Setting Device Profile CVar: [[r.Vulkan.UseRealUBs:1]]
[2020.05.03-18.57.34:147][  0]LogInit: Going up to parent DeviceProfile []
[2020.05.03-18.57.34:148][  0]LogInit: Computer: DESKTOP-BLCTDO3
[2020.05.03-18.57.34:148][  0]LogInit: User: Admin
[2020.05.03-18.57.34:148][  0]LogInit: CPU Page size=4096, Cores=2
[2020.05.03-18.57.34:148][  0]LogInit: High frequency timer resolution =10.000000 MHz
[2020.05.03-18.57.34:149][  0]LogMemory: Memory total: Physical=7.9GB (8GB approx)
[2020.05.03-18.57.34:149][  0]LogMemory: Platform Memory Stats for Windows
[2020.05.03-18.57.34:149][  0]LogMemory: Process Physical Memory: 99.69 MB used, 99.69 MB peak
[2020.05.03-18.57.34:149][  0]LogMemory: Process Virtual Memory: 82.50 MB used, 82.50 MB peak
[2020.05.03-18.57.34:149][  0]LogMemory: Physical Memory: 5280.46 MB used,  2827.11 MB free, 8107.57 MB total
[2020.05.03-18.57.34:149][  0]LogMemory: Virtual Memory: 4588.76 MB used,  2827.11 MB free, 134217728.00 MB total
[2020.05.03-18.57.34:185][  0]LogInit: Using OS detected language (pl-PL).
[2020.05.03-18.57.34:185][  0]LogInit: Using OS detected locale (pl-PL).
[2020.05.03-18.57.34:189][  0]LogTextLocalizationManager: No specific localization for 'pl-PL' exists, so the 'pl' localization will be used.
[2020.05.03-18.57.34:195][  0]LogStreaming: Display: Took  0.010s to InitEngineTextLocalization.
[2020.05.03-18.57.34:196][  0]LogInit: Setting process to per monitor DPI aware
[2020.05.03-18.57.34:274][  0]LogSlate: New Slate User Created.  User Index 0, Is Virtual User: 0
[2020.05.03-18.57.34:275][  0]LogSlate: Slate User Registered.  User Index 0, Is Virtual User: 0
[2020.05.03-18.57.34:813][  0]LogHMD: Failed to initialize OpenVR with code 110
[2020.05.03-18.57.34:813][  0]LogD3D11RHI: D3D11 adapters:
[2020.05.03-18.57.34:825][  0]LogD3D11RHI:    0. 'Intel(R) HD Graphics 4600' (Feature Level 11_0)
[2020.05.03-18.57.34:825][  0]LogD3D11RHI:       112/0/2048 MB DedicatedVideo/DedicatedSystem/SharedSystem, Outputs:1, VendorId:0x8086
[2020.05.03-18.57.34:828][  0]LogD3D11RHI:    1. 'Microsoft Basic Render Driver' (Feature Level 11_0)
[2020.05.03-18.57.34:828][  0]LogD3D11RHI:       0/0/4053 MB DedicatedVideo/DedicatedSystem/SharedSystem, Outputs:0, VendorId:0x1414
[2020.05.03-18.57.34:828][  0]LogD3D11RHI: Chosen D3D11 Adapter: 0
[2020.05.03-18.57.34:833][  0]LogD3D11RHI: Creating new Direct3DDevice
[2020.05.03-18.57.34:833][  0]LogD3D11RHI:     GPU DeviceId: 0x416 (for the marketing name, search the web for "GPU Device Id")
[2020.05.03-18.57.34:833][  0]LogWindows: EnumDisplayDevices:
[2020.05.03-18.57.34:833][  0]LogWindows:    0. 'Intel(R) HD Graphics 4600' (P:1 D:1)
[2020.05.03-18.57.34:835][  0]LogWindows:    1. 'Intel(R) HD Graphics 4600' (P:0 D:0)
[2020.05.03-18.57.34:836][  0]LogWindows:    2. 'Intel(R) HD Graphics 4600' (P:0 D:0)
[2020.05.03-18.57.34:837][  0]LogWindows: DebugString: FoundDriverCount:3 
[2020.05.03-18.57.34:837][  0]LogD3D11RHI:     Adapter Name: Intel(R) HD Graphics 4600
[2020.05.03-18.57.34:837][  0]LogD3D11RHI:   Driver Version: 20.19.15.4531 (internal:20.19.15.4531, unified:20.19.15.4531)
[2020.05.03-18.57.34:837][  0]LogD3D11RHI:      Driver Date: 9-29-2016
[2020.05.03-18.57.34:837][  0]LogRHI: Texture pool is 795 MB (70% of 1136 MB)
[2020.05.03-18.57.34:844][  0]LogD3D11RHI: Async texture creation enabled
[2020.05.03-18.57.34:850][  0]LogD3D11RHI: GPU Timing Frequency: 12.500000 (Debug: 2 0)
[2020.05.03-18.57.34:852][  0]LogShaderCompilers: Guid format shader working directory is -30 characters bigger than the processId version (../../../../../../Users/Admin/Desktop/programowanie/game/gameJuliaKonarczak/Intermediate/Shaders/WorkingDirectory/11024/).
[2020.05.03-18.57.34:852][  0]LogShaderCompilers: Cleaned the shader compiler working directory 'C:/Users/Admin/AppData/Local/Temp/UnrealShaderWorkingDir/857DDEFB4144EE8D2F471C85090028C2/'.
[2020.05.03-18.57.35:497][  0]LogTemp: Display: Loaded TP AllDesktopTargetPlatform
[2020.05.03-18.57.35:520][  0]LogTemp: Display: Loaded TP MacClientTargetPlatform
[2020.05.03-18.57.35:541][  0]LogTemp: Display: Loaded TP MacNoEditorTargetPlatform
[2020.05.03-18.57.35:563][  0]LogTemp: Display: Loaded TP MacServerTargetPlatform
[2020.05.03-18.57.35:585][  0]LogTemp: Display: Loaded TP MacTargetPlatform
[2020.05.03-18.57.35:607][  0]LogTemp: Display: Loaded TP WindowsClientTargetPlatform
[2020.05.03-18.57.35:629][  0]LogTemp: Display: Loaded TP WindowsNoEditorTargetPlatform
[2020.05.03-18.57.35:651][  0]LogTemp: Display: Loaded TP WindowsServerTargetPlatform
[2020.05.03-18.57.35:663][  0]LogTemp: Display: Loaded TP WindowsTargetPlatform
[2020.05.03-18.57.35:785][  0]LogTemp: Display: Loaded TP AndroidTargetPlatform
[2020.05.03-18.57.35:785][  0]LogTemp: Display: Loaded TP AndroidTargetPlatform
[2020.05.03-18.57.35:785][  0]LogTemp: Display: Loaded TP AndroidTargetPlatform
[2020.05.03-18.57.35:785][  0]LogTemp: Display: Loaded TP AndroidTargetPlatform
[2020.05.03-18.57.35:785][  0]LogTemp: Display: Loaded TP AndroidTargetPlatform
[2020.05.03-18.57.35:785][  0]LogTemp: Display: Loaded TP AndroidTargetPlatform
[2020.05.03-18.57.35:785][  0]LogTemp: Display: Loaded TP AndroidTargetPlatform
[2020.05.03-18.57.35:785][  0]LogTemp: Display: Loaded TP AndroidTargetPlatform
[2020.05.03-18.57.35:785][  0]LogTemp: Display: Loaded TP AndroidTargetPlatform
[2020.05.03-18.57.35:785][  0]LogTemp: Display: Loaded TP AndroidTargetPlatform
[2020.05.03-18.57.35:785][  0]LogTemp: Display: Loaded TP AndroidTargetPlatform
[2020.05.03-18.57.35:785][  0]LogTemp: Display: Loaded TP AndroidTargetPlatform
[2020.05.03-18.57.35:785][  0]LogTemp: Display: Loaded TP AndroidTargetPlatform
[2020.05.03-18.57.35:785][  0]LogTemp: Display: Loaded TP AndroidTargetPlatform
[2020.05.03-18.57.35:785][  0]LogTemp: Display: Loaded TP AndroidTargetPlatform
[2020.05.03-18.57.35:785][  0]LogTemp: Display: Loaded TP AndroidTargetPlatform
[2020.05.03-18.57.35:785][  0]LogTemp: Display: Loaded TP AndroidTargetPlatform
[2020.05.03-18.57.35:785][  0]LogTemp: Display: Loaded TP AndroidTargetPlatform
[2020.05.03-18.57.35:788][  0]LogTemp: Display: Loaded TP HTML5TargetPlatform
[2020.05.03-18.57.35:868][  0]LogTemp: Display: Loaded TP IOSTargetPlatform
[2020.05.03-18.57.35:868][  0]LogTemp: Display: Loaded TP IOSTargetPlatform
[2020.05.03-18.57.35:916][  0]LogTemp: Display: Loaded TP TVOSTargetPlatform
[2020.05.03-18.57.35:916][  0]LogTemp: Display: Loaded TP TVOSTargetPlatform
[2020.05.03-18.57.35:945][  0]LogTemp: Display: Loaded TP LinuxClientTargetPlatform
[2020.05.03-18.57.36:007][  0]LogTemp: Display: Loaded TP LinuxNoEditorTargetPlatform
[2020.05.03-18.57.36:039][  0]LogTemp: Display: Loaded TP LinuxServerTargetPlatform
[2020.05.03-18.57.36:072][  0]LogTemp: Display: Loaded TP LinuxTargetPlatform
[2020.05.03-18.57.36:100][  0]LogTemp: Display: Loaded TP LuminTargetPlatform
[2020.05.03-18.57.36:100][  0]LogTargetPlatformManager: Display: Building Assets For Windows
[2020.05.03-18.57.36:280][  0]LogXGEController: Cannot use XGE Controller as Incredibuild is not installed on this machine.
[2020.05.03-18.57.36:280][  0]LogShaderCompilers: Cannot use XGE Shader Compiler as Incredibuild is not installed on this machine.
[2020.05.03-18.57.36:280][  0]LogShaderCompilers: Display: Using Local Shader Compiler.
[2020.05.03-18.57.38:323][  0]LogDerivedDataCache: Display: Max Cache Size: 512 MB
[2020.05.03-18.57.38:427][  0]LogDerivedDataCache: Loaded boot cache 0.10s 71MB C:/Users/Admin/AppData/Local/UnrealEngine/4.20/DerivedDataCache/Boot.ddc.
[2020.05.03-18.57.38:428][  0]LogDerivedDataCache: Display: Loaded Boot cache: C:/Users/Admin/AppData/Local/UnrealEngine/4.20/DerivedDataCache/Boot.ddc
[2020.05.03-18.57.38:428][  0]LogDerivedDataCache: FDerivedDataBackendGraph:  Pak pak cache file ../../../../../../Users/Admin/Desktop/programowanie/game/gameJuliaKonarczak/DerivedDataCache/DDC.ddp not found, will not use a pak cache.
[2020.05.03-18.57.38:428][  0]LogDerivedDataCache: Unable to find inner node Pak for hierarchical cache Hierarchy.
[2020.05.03-18.57.38:428][  0]LogDerivedDataCache: FDerivedDataBackendGraph:  CompressedPak pak cache file ../../../../../../Users/Admin/Desktop/programowanie/game/gameJuliaKonarczak/DerivedDataCache/Compressed.ddp not found, will not use a pak cache.
[2020.05.03-18.57.38:428][  0]LogDerivedDataCache: Unable to find inner node CompressedPak for hierarchical cache Hierarchy.
[2020.05.03-18.57.38:460][  0]LogDerivedDataCache: Display: Pak cache opened for reading ../../../Engine/DerivedDataCache/Compressed.ddp.
[2020.05.03-18.57.38:474][  0]LogDerivedDataCache: Using Local data cache path C:/Users/Admin/AppData/Local/UnrealEngine/Common/DerivedDataCache: Writable
[2020.05.03-18.57.38:474][  0]LogDerivedDataCache: Shared data cache path not found in *engine.ini, will not use an Shared cache.
[2020.05.03-18.57.38:474][  0]LogDerivedDataCache: Unable to find inner node Shared for hierarchical cache Hierarchy.
[2020.05.03-18.57.38:518][  0]LogMaterial: Verifying Global Shaders for PCD3D_SM5
[2020.05.03-18.57.38:522][  0]LogSlate: Using FreeType 2.6.0
[2020.05.03-18.57.38:523][  0]LogSlate: SlateFontServices - WITH_FREETYPE: 1, WITH_HARFBUZZ: 1
[2020.05.03-18.57.38:680][  0]LogAssetRegistry: FAssetRegistry took 0.0337 seconds to start up
[2020.05.03-18.57.39:611][  0]LogInit: Selected Device Profile: [Windows]
[2020.05.03-18.57.39:962][  0]LogSimplygon: Simplygon DLL not present - disabling.
[2020.05.03-18.57.39:974][  0]LogMeshReduction: Using SimplygonSwarm for distributed automatic mesh merging
[2020.05.03-18.57.39:974][  0]LogMeshReduction: Using ProxyLODMeshReduction for automatic mesh merging
[2020.05.03-18.57.39:974][  0]LogMeshReduction: Using QuadricMeshReduction for automatic static mesh reduction
[2020.05.03-18.57.39:974][  0]LogMeshReduction: No automatic skeletal mesh reduction module available
[2020.05.03-18.57.40:008][  0]LogNetVersion: gameJuliaKonarczak 1.0.0, NetCL: 4212847, EngineNetVer: 5, GameNetVer: 0 (Checksum: 2658559661)
[2020.05.03-18.57.41:257][  0]LogPackageLocalizationCache: Processed 11 localized package path(s) for 2 prioritized culture(s) in 0.244436 seconds
[2020.05.03-18.57.41:277][  0]LogUObjectArray: 38425 objects as part of root set at end of initial load.
[2020.05.03-18.57.41:277][  0]LogUObjectAllocator: 6690864 out of 0 bytes used by permanent object pool.
[2020.05.03-18.57.41:277][  0]LogUObjectArray: CloseDisregardForGC: 0/0 objects in disregard for GC pool
[2020.05.03-18.57.43:313][  0]LogTcpMessaging: Initializing TcpMessaging bridge
[2020.05.03-18.57.43:327][  0]LogUdpMessaging: Initializing bridge on interface 0.0.0.0:0 to multicast group 230.0.0.1:6666.
[2020.05.03-18.57.43:591][  0]SourceControl: Source control is disabled
[2020.05.03-18.57.43:591][  0]SourceControl: Source control is disabled
[2020.05.03-18.57.43:594][  0]SourceControl: Source control is disabled
[2020.05.03-18.57.43:597][  0]SourceControl: Source control is disabled
[2020.05.03-18.57.43:849][  0]LogAndroidPermission: UAndroidPermissionCallbackProxy::GetInstance
[2020.05.03-18.57.43:943][  0]LogOcInput: OculusInput pre-init called
[2020.05.03-18.57.44:067][  0]LogEngine: Initializing Engine...
[2020.05.03-18.57.44:069][  0]LogHMD: Failed to initialize OpenVR with code 110
[2020.05.03-18.57.44:072][  0]LogStats: UGameplayTagsManager::ConstructGameplayTagTree: ImportINI prefixes -  0.000 s
[2020.05.03-18.57.44:072][  0]LogStats: UGameplayTagsManager::ConstructGameplayTagTree: Construct from data asset -  0.000 s
[2020.05.03-18.57.44:072][  0]LogStats: UGameplayTagsManager::ConstructGameplayTagTree: ImportINI -  0.000 s
[2020.05.03-18.57.44:072][  0]LogStats: UGameplayTagsManager::ConstructGameplayTagTree: GameplayTagTreeChangedEvent.Broadcast -  0.000 s
[2020.05.03-18.57.44:486][  0]LogInit: Initializing FReadOnlyCVARCache
[2020.05.03-18.57.44:525][  0]LogAIModule: Creating AISystem for world Untitled
[2020.05.03-18.57.44:542][  0]LogInit: XAudio2 using 'Głośnik/Słuchawki (Realtek High Definition Audio)' : 2 channels at 48 kHz using 32 bits per sample (channel mask 0x3)
[2020.05.03-18.57.44:618][  0]LogInit: FAudioDevice initialized.
[2020.05.03-18.57.44:618][  0]LogNetVersion: Set ProjectVersion to 1.0.0.0. Version Checksum will be recalculated on next use.
[2020.05.03-18.57.44:879][  0]LogDerivedDataCache: Saved boot cache 0.26s 71MB C:/Users/Admin/AppData/Local/UnrealEngine/4.20/DerivedDataCache/Boot.ddc.
[2020.05.03-18.57.44:880][  0]LogInit: Texture streaming: Enabled
[2020.05.03-18.57.44:938][  0]LogEngineSessionManager: EngineSessionManager initialized
[2020.05.03-18.57.44:973][  0]LogInit: Transaction tracking system initialized
[2020.05.03-18.57.45:045][  0]BlueprintLog: New page: Editor Load
[2020.05.03-18.57.45:281][  0]LocalizationService: Localization service is disabled
[2020.05.03-18.57.45:885][  0]LogCook: Display: Max memory allowance for cook 16384mb min free memory 0mb
[2020.05.03-18.57.45:885][  0]LogCook: Display: Mobile HDR setting 1
[2020.05.03-18.57.45:896][  0]LogGameplayTags: Display: UGameplayTagsManager::DoneAddingNativeTags. DelegateIsBound: 0
[2020.05.03-18.57.45:896][  0]LogStats: UGameplayTagsManager::ConstructGameplayTagTree: ImportINI prefixes -  0.000 s
[2020.05.03-18.57.45:896][  0]LogStats: UGameplayTagsManager::ConstructGameplayTagTree: Construct from data asset -  0.000 s
[2020.05.03-18.57.45:896][  0]LogStats: UGameplayTagsManager::ConstructGameplayTagTree: ImportINI -  0.000 s
[2020.05.03-18.57.45:896][  0]LogStats: UGameplayTagsManager::ConstructGameplayTagTree: GameplayTagTreeChangedEvent.Broadcast -  0.000 s
[2020.05.03-18.57.46:165][  0]LogFileCache: Scanning file cache for directory 'C:/Users/Admin/Desktop/programowanie/game/gameJuliaKonarczak/Content/' took 0.02s
[2020.05.03-18.57.46:180][  0]SourceControl: Source control is disabled
[2020.05.03-18.57.46:180][  0]Cmd: MAP LOAD FILE="../../../../../../Users/Admin/Desktop/programowanie/game/gameJuliaKonarczak/Content/StarterContent/Maps/Minimal_Default.umap" TEMPLATE=0 SHOWPROGRESS=1 FEATURELEVEL=3
[2020.05.03-18.57.46:191][  0]LightingResults: New page: Lighting Build
[2020.05.03-18.57.46:200][  0]MapCheck: New page: Map Check
[2020.05.03-18.57.46:200][  0]LightingResults: New page: Lighting Build
[2020.05.03-18.57.48:957][  0]LogAIModule: Creating AISystem for world Minimal_Default
[2020.05.03-18.57.49:029][  0]LogEditorServer: Finished looking for orphan Actors (0.000 secs)
[2020.05.03-18.57.49:232][  0]Cmd: MAP CHECKDEP NOCLEARLOG
[2020.05.03-18.57.49:471][  0]MapCheck: Map check complete: 0 Error(s), 0 Warning(s), took 239,526ms to complete.
[2020.05.03-18.57.49:472][  0]LogFileHelpers: Loading map 'Minimal_Default' took 3.292
[2020.05.03-18.57.50:058][  0]LogSlate: Updating window title bar state: overlay mode, drag disabled, window buttons hidden, title bar hidden
[2020.05.03-18.57.50:083][  0]LogSlate: Updating window title bar state: overlay mode, drag disabled, window buttons hidden, title bar hidden
[2020.05.03-18.57.50:095][  0]LogSlate: Updating window title bar state: overlay mode, drag disabled, window buttons hidden, title bar hidden
[2020.05.03-18.57.50:111][  0]LogSlate: Updating window title bar state: overlay mode, drag disabled, window buttons hidden, title bar hidden
[2020.05.03-18.57.50:210][  0]LogCollectionManager: Loaded 0 collections in 0.006866 seconds
[2020.05.03-18.57.50:423][  0]LogFileCache: Scanning file cache for directory 'C:/Users/Admin/Desktop/programowanie/game/gameJuliaKonarczak/Saved/Collections/' took 0.01s
[2020.05.03-18.57.50:423][  0]LogFileCache: Scanning file cache for directory 'C:/Users/Admin/Desktop/programowanie/game/gameJuliaKonarczak/Content/Developers/Admin/Collections/' took 0.01s
[2020.05.03-18.57.50:424][  0]LogFileCache: Scanning file cache for directory 'C:/Users/Admin/Desktop/programowanie/game/gameJuliaKonarczak/Content/Collections/' took 0.01s
[2020.05.03-18.57.50:424][  0]LogCollectionManager: Rebuilt the GUID cache for 0 collections in 0.000001 seconds
[2020.05.03-18.57.50:565][  0]LogContentBrowser: Native class hierarchy populated in 0.0343 seconds. Added 2572 classes and 603 folders.
[2020.05.03-18.57.50:697][  0]LogContentBrowser: Native class hierarchy updated for 'WidgetCarousel' in 0.0007 seconds. Added 0 classes and 0 folders.
[2020.05.03-18.57.52:591][  0]LogContentBrowser: Native class hierarchy updated for 'AddContentDialog' in 0.0003 seconds. Added 0 classes and 0 folders.
[2020.05.03-18.57.52:670][  0]LogContentBrowser: Native class hierarchy updated for 'SceneOutliner' in 0.0004 seconds. Added 1 classes and 2 folders.
[2020.05.03-18.57.53:632][  0]LogSlate: Took 0.000351 seconds to synchronously load lazily loaded font '../../../Engine/Content/Slate/Fonts/Roboto-Regular.ttf' (155K)
[2020.05.03-18.57.53:637][  0]LogSlate: Took 0.000399 seconds to synchronously load lazily loaded font '../../../Engine/Content/Slate/Fonts/Roboto-Bold.ttf' (160K)
[2020.05.03-18.57.53:660][  0]LogSlate: Took 0.011578 seconds to synchronously load lazily loaded font '../../../Engine/Content/Editor/Slate/Fonts/FontAwesome.ttf' (139K)
[2020.05.03-18.57.53:926][  0]LogRenderer: Reallocating scene render targets to support 888x456 Format 10 NumSamples 1 (Frame:1).
[2020.05.03-18.57.55:242][  0]LogContentBrowser: Native class hierarchy updated for 'HierarchicalLODOutliner' in 0.0005 seconds. Added 0 classes and 0 folders.
[2020.05.03-18.57.55:242][  0]LogLoad: (Engine Initialization) Total time: 25.80 seconds
[2020.05.03-18.57.55:242][  0]LogLoad: (Engine Initialization) Total Blueprint compile time: 0.00 seconds
[2020.05.03-18.57.55:360][  0]LogContentStreaming: Texture pool size now 1000 MB
[2020.05.03-18.57.55:455][  0]LogSlate: Took 0.014287 seconds to synchronously load lazily loaded font '../../../Engine/Content/Slate/Fonts/Roboto-Light.ttf' (167K)
[2020.05.03-18.57.56:705][  4]LogAssetRegistry: Asset discovery search completed in 18.0489 seconds
[2020.05.03-18.57.56:709][  4]LogCollectionManager: Rebuilt the object cache for 0 collections in 0.000001 seconds (found 0 objects)
[2020.05.03-18.57.56:709][  4]LogCollectionManager: Fixed up redirectors for 0 collections in 0.000111 seconds (updated 0 objects)
[2020.05.03-18.58.43:538][178]LogSlate: FSceneViewport::OnFocusLost() reason 2
[2020.05.03-18.58.52:316][404]LogSlate: Took 0.000465 seconds to synchronously load lazily loaded font '../../../Engine/Content/Slate/Fonts/Roboto-Light.ttf' (167K)
[2020.05.03-18.58.53:215][404]LogAIModule: Creating AISystem for world Game
[2020.05.03-18.58.53:223][404]LogAssetEditorManager: Opening Asset editor for World /Game/Game.Game
[2020.05.03-18.58.53:269][404]Cmd: MAP LOAD FILE="../../../../../../Users/Admin/Desktop/programowanie/game/gameJuliaKonarczak/Content/Game.umap" TEMPLATE=0 SHOWPROGRESS=1 FEATURELEVEL=3
[2020.05.03-18.58.53:269][404]LightingResults: New page: Lighting Build
[2020.05.03-18.58.53:270][404]LoadErrors: New page: Loading map: Game.umap
[2020.05.03-18.58.53:271][404]MapCheck: New page: Map Check
[2020.05.03-18.58.53:271][404]LightingResults: New page: Lighting Build
[2020.05.03-18.58.53:381][404]LogEditorServer: Finished looking for orphan Actors (0.000 secs)
[2020.05.03-18.58.53:420][404]Cmd: MAP CHECKDEP NOCLEARLOG
[2020.05.03-18.58.53:624][404]MapCheck: Map check complete: 0 Error(s), 0 Warning(s), took 203,855ms to complete.
[2020.05.03-18.58.53:626][404]LogFileHelpers: Loading map 'Game' took 0.356
[2020.05.03-19.04.11:941][428]LogSlate: FSceneViewport::OnFocusLost() reason 0
[2020.05.03-19.04.16:725][593]LogAssetEditorManager: Opening Asset editor for LevelScriptBlueprint /Game/Game.Game:PersistentLevel.Game
[2020.05.03-19.04.17:851][593]LogContentBrowser: Native class hierarchy updated for 'BlueprintGraph' in 0.0017 seconds. Added 116 classes and 0 folders.
[2020.05.03-19.04.19:390][593]LogSlate: Took 0.019935 seconds to synchronously load lazily loaded font '../../../Engine/Content/Slate/Fonts/Roboto-BoldCondensed.ttf' (158K)
[2020.05.03-19.04.19:700][594]LogSlate: Took 0.011288 seconds to synchronously load lazily loaded font '../../../Engine/Content/Slate/Fonts/Roboto-Italic.ttf' (157K)
[2020.05.03-19.08.10:817][449]BlueprintLog: New page: Compile Game
[2020.05.03-19.10.00:864][783]LogTemp: Repeating last play command: Selected Viewport
[2020.05.03-19.10.00:890][783]LogBlueprintUserMessages: Early PlayInEditor Detection: Level '/Game/Game.Game:PersistentLevel' has LevelScriptBlueprint '/Game/Game.Game:PersistentLevel.Game' with GeneratedClass '/Game/Game.Game_C' with ClassGeneratedBy '/Game/Game.Game:PersistentLevel.Game'
[2020.05.03-19.10.00:910][783]BlueprintLog: New page: Pre-Play auto-recompile
[2020.05.03-19.10.00:917][783]LogPlayLevel: [PlayLevel] Compiling Game before play...
[2020.05.03-19.10.01:114][783]LogPlayLevel: PlayLevel: Blueprint regeneration took 203 ms (1 blueprints)
[2020.05.03-19.10.01:140][783]PIE: New page: PIE session: Game (3 maj 2020, 23:10:01)
[2020.05.03-19.10.01:141][783]LogPlayLevel: Creating play world package: /Game/UEDPIE_0_Game
[2020.05.03-19.10.01:144][783]LogPlayLevel: PIE: StaticDuplicateObject took: (0.003448s)
[2020.05.03-19.10.01:145][783]LogAIModule: Creating AISystem for world Game
[2020.05.03-19.10.01:145][783]LogPlayLevel: PIE: World Init took: (0.000920s)
[2020.05.03-19.10.01:145][783]LogPlayLevel: PIE: Created PIE world by copying editor world from /Game/Game.Game to /Game/UEDPIE_0_Game.Game (0.004547s)
[2020.05.03-19.10.01:182][783]LogInit: XAudio2 using 'Głośnik/Słuchawki (Realtek High Definition Audio)' : 2 channels at 48 kHz using 32 bits per sample (channel mask 0x3)
[2020.05.03-19.10.01:216][783]LogInit: FAudioDevice initialized.
[2020.05.03-19.10.01:260][783]LogLoad: Game class is 'GameModeBase'
[2020.05.03-19.10.01:266][783]LogWorld: Bringing World /Game/UEDPIE_0_Game.Game up for play (max tick rate 60) at 2020.05.03-21.10.01
[2020.05.03-19.10.01:267][783]LogWorld: Bringing up level for play took: 0.002680
[2020.05.03-19.10.01:335][783]LogContentBrowser: Native class hierarchy updated for 'MovieSceneCapture' in 0.0005 seconds. Added 10 classes and 0 folders.
[2020.05.03-19.10.01:336][783]PIE: Play in editor start time for /Game/UEDPIE_0_Game 0,165
[2020.05.03-19.10.01:337][783]LogBlueprintUserMessages: Late PlayInEditor Detection: Level '/Game/Game.Game:PersistentLevel' has LevelScriptBlueprint '/Game/Game.Game:PersistentLevel.Game' with GeneratedClass '/Game/Game.Game_C' with ClassGeneratedBy '/Game/Game.Game:PersistentLevel.Game'
[2020.05.03-19.10.06:307][946]LogBlueprintUserMessages: Early EndPlayMap Detection: Level '/Game/Game.Game:PersistentLevel' has LevelScriptBlueprint '/Game/Game.Game:PersistentLevel.Game' with GeneratedClass '/Game/Game.Game_C' with ClassGeneratedBy '/Game/Game.Game:PersistentLevel.Game'
[2020.05.03-19.10.06:307][946]LogSlate: Updating window title bar state: overlay mode, drag disabled, window buttons hidden, title bar hidden
[2020.05.03-19.10.06:343][946]LogPlayLevel: Display: Shutting down PIE online subsystems
[2020.05.03-19.10.06:343][946]LogBlueprintUserMessages: Late EndPlayMap Detection: Level '/Game/Game.Game:PersistentLevel' has LevelScriptBlueprint '/Game/Game.Game:PersistentLevel.Game' with GeneratedClass '/Game/Game.Game_C' with ClassGeneratedBy '/Game/Game.Game:PersistentLevel.Game'
[2020.05.03-19.10.06:408][946]LogSlate: Updating window title bar state: overlay mode, drag disabled, window buttons hidden, title bar hidden
[2020.05.03-19.10.06:430][947]LogPlayLevel: Display: Destroying online subsystem :Context_3
[2020.05.03-19.10.11:027][ 75]LogTemp: Repeating last play command: Selected Viewport
[2020.05.03-19.10.11:041][ 75]LogBlueprintUserMessages: Early PlayInEditor Detection: Level '/Game/Game.Game:PersistentLevel' has LevelScriptBlueprint '/Game/Game.Game:PersistentLevel.Game' with GeneratedClass '/Game/Game.Game_C' with ClassGeneratedBy '/Game/Game.Game:PersistentLevel.Game'
[2020.05.03-19.10.11:041][ 75]LogPlayLevel: PlayLevel: No blueprints needed recompiling
[2020.05.03-19.10.11:041][ 75]PIE: New page: PIE session: Game (3 maj 2020, 23:10:11)
[2020.05.03-19.10.11:041][ 75]LogPlayLevel: Creating play world package: /Game/UEDPIE_0_Game
[2020.05.03-19.10.11:044][ 75]LogPlayLevel: PIE: StaticDuplicateObject took: (0.003177s)
[2020.05.03-19.10.11:045][ 75]LogAIModule: Creating AISystem for world Game
[2020.05.03-19.10.11:045][ 75]LogPlayLevel: PIE: World Init took: (0.000860s)
[2020.05.03-19.10.11:045][ 75]LogPlayLevel: PIE: Created PIE world by copying editor world from /Game/Game.Game to /Game/UEDPIE_0_Game.Game (0.004228s)
[2020.05.03-19.10.11:083][ 75]LogInit: XAudio2 using 'Głośnik/Słuchawki (Realtek High Definition Audio)' : 2 channels at 48 kHz using 32 bits per sample (channel mask 0x3)
[2020.05.03-19.10.11:115][ 75]LogInit: FAudioDevice initialized.
[2020.05.03-19.10.11:148][ 75]LogLoad: Game class is 'GameModeBase'
[2020.05.03-19.10.11:149][ 75]LogWorld: Bringing World /Game/UEDPIE_0_Game.Game up for play (max tick rate 60) at 2020.05.03-21.10.11
[2020.05.03-19.10.11:149][ 75]LogWorld: Bringing up level for play took: 0.000738
[2020.05.03-19.10.11:165][ 75]PIE: Play in editor start time for /Game/UEDPIE_0_Game -0,007
[2020.05.03-19.10.11:165][ 75]LogBlueprintUserMessages: Late PlayInEditor Detection: Level '/Game/Game.Game:PersistentLevel' has LevelScriptBlueprint '/Game/Game.Game:PersistentLevel.Game' with GeneratedClass '/Game/Game.Game_C' with ClassGeneratedBy '/Game/Game.Game:PersistentLevel.Game'
[2020.05.03-19.10.17:171][281]LogBlueprintUserMessages: Early EndPlayMap Detection: Level '/Game/Game.Game:PersistentLevel' has LevelScriptBlueprint '/Game/Game.Game:PersistentLevel.Game' with GeneratedClass '/Game/Game.Game_C' with ClassGeneratedBy '/Game/Game.Game:PersistentLevel.Game'
[2020.05.03-19.10.17:171][281]LogSlate: Updating window title bar state: overlay mode, drag disabled, window buttons hidden, title bar hidden
[2020.05.03-19.10.17:209][281]LogPlayLevel: Display: Shutting down PIE online subsystems
[2020.05.03-19.10.17:209][281]LogBlueprintUserMessages: Late EndPlayMap Detection: Level '/Game/Game.Game:PersistentLevel' has LevelScriptBlueprint '/Game/Game.Game:PersistentLevel.Game' with GeneratedClass '/Game/Game.Game_C' with ClassGeneratedBy '/Game/Game.Game:PersistentLevel.Game'
[2020.05.03-19.10.17:245][281]LogSlate: Updating window title bar state: overlay mode, drag disabled, window buttons hidden, title bar hidden
[2020.05.03-19.10.17:274][283]LogPlayLevel: Display: Destroying online subsystem :Context_4
[2020.05.03-19.10.45:734][234]BlueprintLog: New page: Compile Game
[2020.05.03-19.10.47:736][279]LogEditorViewport: Clicking on Actor (LMB): BP_Sky_Sphere_C (Sky Sphere)
[2020.05.03-19.10.49:430][310]LogSlate: FSceneViewport::OnFocusLost() reason 0
[2020.05.03-19.10.51:242][358]LogTemp: Repeating last play command: Selected Viewport
[2020.05.03-19.10.51:254][358]LogBlueprintUserMessages: Early PlayInEditor Detection: Level '/Game/Game.Game:PersistentLevel' has LevelScriptBlueprint '/Game/Game.Game:PersistentLevel.Game' with GeneratedClass '/Game/Game.Game_C' with ClassGeneratedBy '/Game/Game.Game:PersistentLevel.Game'
[2020.05.03-19.10.51:254][358]LogPlayLevel: PlayLevel: No blueprints needed recompiling
[2020.05.03-19.10.51:254][358]PIE: New page: PIE session: Game (3 maj 2020, 23:10:51)
[2020.05.03-19.10.51:254][358]LogPlayLevel: Creating play world package: /Game/UEDPIE_0_Game
[2020.05.03-19.10.51:258][358]LogPlayLevel: PIE: StaticDuplicateObject took: (0.003887s)
[2020.05.03-19.10.51:259][358]LogAIModule: Creating AISystem for world Game
[2020.05.03-19.10.51:259][358]LogPlayLevel: PIE: World Init took: (0.000845s)
[2020.05.03-19.10.51:259][358]LogPlayLevel: PIE: Created PIE world by copying editor world from /Game/Game.Game to /Game/UEDPIE_0_Game.Game (0.004877s)
[2020.05.03-19.10.51:294][358]LogInit: XAudio2 using 'Głośnik/Słuchawki (Realtek High Definition Audio)' : 2 channels at 48 kHz using 32 bits per sample (channel mask 0x3)
[2020.05.03-19.10.51:325][358]LogInit: FAudioDevice initialized.
[2020.05.03-19.10.51:362][358]LogLoad: Game class is 'GameModeBase'
[2020.05.03-19.10.51:364][358]LogWorld: Bringing World /Game/UEDPIE_0_Game.Game up for play (max tick rate 60) at 2020.05.03-21.10.51
[2020.05.03-19.10.51:365][358]LogWorld: Bringing up level for play took: 0.001791
[2020.05.03-19.10.51:380][358]PIE: Play in editor start time for /Game/UEDPIE_0_Game 0,208
[2020.05.03-19.10.51:380][358]LogBlueprintUserMessages: Late PlayInEditor Detection: Level '/Game/Game.Game:PersistentLevel' has LevelScriptBlueprint '/Game/Game.Game:PersistentLevel.Game' with GeneratedClass '/Game/Game.Game_C' with ClassGeneratedBy '/Game/Game.Game:PersistentLevel.Game'
[2020.05.03-19.11.25:424][499]Set new viewmode: Unlit
[2020.05.03-19.11.29:849][763]LogSlate: FSceneViewport::OnFocusLost() reason 2
[2020.05.03-19.11.31:399][856]LogBlueprintUserMessages: Early EndPlayMap Detection: Level '/Game/Game.Game:PersistentLevel' has LevelScriptBlueprint '/Game/Game.Game:PersistentLevel.Game' with GeneratedClass '/Game/Game.Game_C' with ClassGeneratedBy '/Game/Game.Game:PersistentLevel.Game'
[2020.05.03-19.11.31:400][856]LogSlate: Updating window title bar state: overlay mode, drag disabled, window buttons hidden, title bar hidden
[2020.05.03-19.11.31:437][856]LogPlayLevel: Display: Shutting down PIE online subsystems
[2020.05.03-19.11.31:437][856]LogBlueprintUserMessages: Late EndPlayMap Detection: Level '/Game/Game.Game:PersistentLevel' has LevelScriptBlueprint '/Game/Game.Game:PersistentLevel.Game' with GeneratedClass '/Game/Game.Game_C' with ClassGeneratedBy '/Game/Game.Game:PersistentLevel.Game'
[2020.05.03-19.11.31:476][856]LogSlate: Updating window title bar state: overlay mode, drag disabled, window buttons hidden, title bar hidden
[2020.05.03-19.11.31:513][858]LogPlayLevel: Display: Destroying online subsystem :Context_5
[2020.05.03-19.12.19:330][179]BlueprintLog: New page: Compile Game
[2020.05.03-19.12.21:988][247]LogTemp: Repeating last play command: Selected Viewport
[2020.05.03-19.12.22:000][247]LogBlueprintUserMessages: Early PlayInEditor Detection: Level '/Game/Game.Game:PersistentLevel' has LevelScriptBlueprint '/Game/Game.Game:PersistentLevel.Game' with GeneratedClass '/Game/Game.Game_C' with ClassGeneratedBy '/Game/Game.Game:PersistentLevel.Game'
[2020.05.03-19.12.22:000][247]LogPlayLevel: PlayLevel: No blueprints needed recompiling
[2020.05.03-19.12.22:000][247]PIE: New page: PIE session: Game (3 maj 2020, 23:12:22)
[2020.05.03-19.12.22:000][247]LogPlayLevel: Creating play world package: /Game/UEDPIE_0_Game
[2020.05.03-19.12.22:003][247]LogPlayLevel: PIE: StaticDuplicateObject took: (0.003248s)
[2020.05.03-19.12.22:004][247]LogAIModule: Creating AISystem for world Game
[2020.05.03-19.12.22:004][247]LogPlayLevel: PIE: World Init took: (0.000867s)
[2020.05.03-19.12.22:004][247]LogPlayLevel: PIE: Created PIE world by copying editor world from /Game/Game.Game to /Game/UEDPIE_0_Game.Game (0.004276s)
[2020.05.03-19.12.22:040][247]LogInit: XAudio2 using 'Głośnik/Słuchawki (Realtek High Definition Audio)' : 2 channels at 48 kHz using 32 bits per sample (channel mask 0x3)
[2020.05.03-19.12.22:072][247]LogInit: FAudioDevice initialized.
[2020.05.03-19.12.22:109][247]LogLoad: Game class is 'GameModeBase'
[2020.05.03-19.12.22:112][247]LogWorld: Bringing World /Game/UEDPIE_0_Game.Game up for play (max tick rate 60) at 2020.05.03-21.12.22
[2020.05.03-19.12.22:113][247]LogWorld: Bringing up level for play took: 0.002411
[2020.05.03-19.12.22:129][247]PIE: Play in editor start time for /Game/UEDPIE_0_Game 0,957
[2020.05.03-19.12.22:129][247]LogBlueprintUserMessages: Late PlayInEditor Detection: Level '/Game/Game.Game:PersistentLevel' has LevelScriptBlueprint '/Game/Game.Game:PersistentLevel.Game' with GeneratedClass '/Game/Game.Game_C' with ClassGeneratedBy '/Game/Game.Game:PersistentLevel.Game'
[2020.05.03-19.12.35:871][697]Set new viewmode: Unlit
[2020.05.03-19.12.38:513][854]LogSlate: FSceneViewport::OnFocusLost() reason 2
[2020.05.03-19.12.39:931][939]LogBlueprintUserMessages: Early EndPlayMap Detection: Level '/Game/Game.Game:PersistentLevel' has LevelScriptBlueprint '/Game/Game.Game:PersistentLevel.Game' with GeneratedClass '/Game/Game.Game_C' with ClassGeneratedBy '/Game/Game.Game:PersistentLevel.Game'
[2020.05.03-19.12.39:932][939]LogSlate: Updating window title bar state: overlay mode, drag disabled, window buttons hidden, title bar hidden
[2020.05.03-19.12.39:969][939]LogPlayLevel: Display: Shutting down PIE online subsystems
[2020.05.03-19.12.39:969][939]LogBlueprintUserMessages: Late EndPlayMap Detection: Level '/Game/Game.Game:PersistentLevel' has LevelScriptBlueprint '/Game/Game.Game:PersistentLevel.Game' with GeneratedClass '/Game/Game.Game_C' with ClassGeneratedBy '/Game/Game.Game:PersistentLevel.Game'
[2020.05.03-19.12.40:006][939]LogSlate: Updating window title bar state: overlay mode, drag disabled, window buttons hidden, title bar hidden
[2020.05.03-19.12.40:034][941]LogPlayLevel: Display: Destroying online subsystem :Context_6
[2020.05.03-19.13.08:577][118]LogSavePackage: Moving '../../../../../../Users/Admin/Desktop/programowanie/game/gameJuliaKonarczak/Saved/Game_Auto179C6C5814BA37E9D25FC1590F5F0EB66.tmp' to '../../../../../../Users/Admin/Desktop/programowanie/game/gameJuliaKonarczak/Saved/Autosaves/Game/Game_Auto1.umap'
[2020.05.03-19.13.08:585][118]LogFileHelpers: Editor autosave (incl. sublevels) for '/Game/Game' took 0.245
[2020.05.03-19.13.08:585][118]LogFileHelpers: Editor autosave (incl. sublevels) for all levels took 0.245
[2020.05.03-19.25.09:035][ 45]LogSavePackage: Moving '../../../../../../Users/Admin/Desktop/programowanie/game/gameJuliaKonarczak/Saved/Game_Auto28828FEE74996224E49F7168AD5F9BB40.tmp' to '../../../../../../Users/Admin/Desktop/programowanie/game/gameJuliaKonarczak/Saved/Autosaves/Game/Game_Auto2.umap'
[2020.05.03-19.25.09:043][ 45]LogFileHelpers: Editor autosave (incl. sublevels) for '/Game/Game' took 0.246
[2020.05.03-19.25.09:043][ 45]LogFileHelpers: Editor autosave (incl. sublevels) for all levels took 0.246
[2020.05.03-19.36.36:213][121]LogSavePackage: Moving '../../../../../../Users/Admin/Desktop/programowanie/game/gameJuliaKonarczak/Saved/Game_Auto3D70885AE4B7C0E0130DECDB83E5748B7.tmp' to '../../../../../../Users/Admin/Desktop/programowanie/game/gameJuliaKonarczak/Saved/Autosaves/Game/Game_Auto3.umap'
[2020.05.03-19.36.36:220][121]LogFileHelpers: Editor autosave (incl. sublevels) for '/Game/Game' took 0.232
[2020.05.03-19.36.36:220][121]LogFileHelpers: Editor autosave (incl. sublevels) for all levels took 0.232
[2020.05.03-19.46.25:496][318]BlueprintLog: New page: Compile Game
[2020.05.03-19.46.31:659][472]LogTemp: Repeating last play command: Selected Viewport
[2020.05.03-19.46.31:671][472]LogBlueprintUserMessages: Early PlayInEditor Detection: Level '/Game/Game.Game:PersistentLevel' has LevelScriptBlueprint '/Game/Game.Game:PersistentLevel.Game' with GeneratedClass '/Game/Game.Game_C' with ClassGeneratedBy '/Game/Game.Game:PersistentLevel.Game'
[2020.05.03-19.46.31:671][472]LogPlayLevel: PlayLevel: No blueprints needed recompiling
[2020.05.03-19.46.31:672][472]PIE: New page: PIE session: Game (3 maj 2020, 23:46:31)
[2020.05.03-19.46.31:672][472]LogPlayLevel: Creating play world package: /Game/UEDPIE_0_Game
[2020.05.03-19.46.31:676][472]LogPlayLevel: PIE: StaticDuplicateObject took: (0.004047s)
[2020.05.03-19.46.31:677][472]LogAIModule: Creating AISystem for world Game
[2020.05.03-19.46.31:677][472]LogPlayLevel: PIE: World Init took: (0.001023s)
[2020.05.03-19.46.31:677][472]LogPlayLevel: PIE: Created PIE world by copying editor world from /Game/Game.Game to /Game/UEDPIE_0_Game.Game (0.005232s)
[2020.05.03-19.46.31:714][472]LogInit: XAudio2 using 'Głośnik/Słuchawki (Realtek High Definition Audio)' : 2 channels at 48 kHz using 32 bits per sample (channel mask 0x3)
[2020.05.03-19.46.31:747][472]LogInit: FAudioDevice initialized.
[2020.05.03-19.46.31:777][472]LogLoad: Game class is 'GameModeBase'
[2020.05.03-19.46.31:778][472]LogWorld: Bringing World /Game/UEDPIE_0_Game.Game up for play (max tick rate 60) at 2020.05.03-21.46.31
[2020.05.03-19.46.31:779][472]LogWorld: Bringing up level for play took: 0.001048
[2020.05.03-19.46.31:793][472]PIE: Play in editor start time for /Game/UEDPIE_0_Game 0,621
[2020.05.03-19.46.31:793][472]LogBlueprintUserMessages: Late PlayInEditor Detection: Level '/Game/Game.Game:PersistentLevel' has LevelScriptBlueprint '/Game/Game.Game:PersistentLevel.Game' with GeneratedClass '/Game/Game.Game_C' with ClassGeneratedBy '/Game/Game.Game:PersistentLevel.Game'
[2020.05.03-19.46.47:845][  7]Set new viewmode: Wireframe
[2020.05.03-19.46.48:786][ 62]Set new viewmode: Wireframe
[2020.05.03-19.46.49:336][ 95]Set new viewmode: Wireframe
[2020.05.03-19.46.50:137][143]LogSlate: FSceneViewport::OnFocusLost() reason 2
[2020.05.03-19.46.52:920][310]LogBlueprintUserMessages: Early EndPlayMap Detection: Level '/Game/Game.Game:PersistentLevel' has LevelScriptBlueprint '/Game/Game.Game:PersistentLevel.Game' with GeneratedClass '/Game/Game.Game_C' with ClassGeneratedBy '/Game/Game.Game:PersistentLevel.Game'
[2020.05.03-19.46.52:921][310]LogSlate: Updating window title bar state: overlay mode, drag disabled, window buttons hidden, title bar hidden
[2020.05.03-19.46.52:963][310]LogPlayLevel: Display: Shutting down PIE online subsystems
[2020.05.03-19.46.52:963][310]LogBlueprintUserMessages: Late EndPlayMap Detection: Level '/Game/Game.Game:PersistentLevel' has LevelScriptBlueprint '/Game/Game.Game:PersistentLevel.Game' with GeneratedClass '/Game/Game.Game_C' with ClassGeneratedBy '/Game/Game.Game:PersistentLevel.Game'
[2020.05.03-19.46.53:002][310]LogSlate: Updating window title bar state: overlay mode, drag disabled, window buttons hidden, title bar hidden
[2020.05.03-19.46.53:032][312]LogPlayLevel: Display: Destroying online subsystem :Context_7
[2020.05.03-19.47.09:203][893]BlueprintLog: New page: Compile Game
[2020.05.03-19.50.41:180][497]BlueprintLog: New page: Compile Game
[2020.05.03-19.50.47:093][645]LogTemp: Repeating last play command: Selected Viewport
[2020.05.03-19.50.47:107][645]LogBlueprintUserMessages: Early PlayInEditor Detection: Level '/Game/Game.Game:PersistentLevel' has LevelScriptBlueprint '/Game/Game.Game:PersistentLevel.Game' with GeneratedClass '/Game/Game.Game_C' with ClassGeneratedBy '/Game/Game.Game:PersistentLevel.Game'
[2020.05.03-19.50.47:107][645]LogPlayLevel: PlayLevel: No blueprints needed recompiling
[2020.05.03-19.50.47:107][645]PIE: New page: PIE session: Game (3 maj 2020, 23:50:47)
[2020.05.03-19.50.47:107][645]LogPlayLevel: Creating play world package: /Game/UEDPIE_0_Game
[2020.05.03-19.50.47:111][645]LogPlayLevel: PIE: StaticDuplicateObject took: (0.003946s)
[2020.05.03-19.50.47:112][645]LogAIModule: Creating AISystem for world Game
[2020.05.03-19.50.47:112][645]LogPlayLevel: PIE: World Init took: (0.001022s)
[2020.05.03-19.50.47:112][645]LogPlayLevel: PIE: Created PIE world by copying editor world from /Game/Game.Game to /Game/UEDPIE_0_Game.Game (0.005146s)
[2020.05.03-19.50.47:149][645]LogInit: XAudio2 using 'Głośnik/Słuchawki (Realtek High Definition Audio)' : 2 channels at 48 kHz using 32 bits per sample (channel mask 0x3)
[2020.05.03-19.50.47:182][645]LogInit: FAudioDevice initialized.
[2020.05.03-19.50.47:216][645]LogLoad: Game class is 'GameModeBase'
[2020.05.03-19.50.47:217][645]LogWorld: Bringing World /Game/UEDPIE_0_Game.Game up for play (max tick rate 60) at 2020.05.03-21.50.47
[2020.05.03-19.50.47:218][645]LogWorld: Bringing up level for play took: 0.000870
[2020.05.03-19.50.47:231][645]PIE: Play in editor start time for /Game/UEDPIE_0_Game 0,06
[2020.05.03-19.50.47:232][645]LogBlueprintUserMessages: Late PlayInEditor Detection: Level '/Game/Game.Game:PersistentLevel' has LevelScriptBlueprint '/Game/Game.Game:PersistentLevel.Game' with GeneratedClass '/Game/Game.Game_C' with ClassGeneratedBy '/Game/Game.Game:PersistentLevel.Game'
[2020.05.03-19.51.33:903][237]LogSlate: FSceneViewport::OnFocusLost() reason 2
[2020.05.03-19.51.35:608][299]LogBlueprintUserMessages: Early EndPlayMap Detection: Level '/Game/Game.Game:PersistentLevel' has LevelScriptBlueprint '/Game/Game.Game:PersistentLevel.Game' with GeneratedClass '/Game/Game.Game_C' with ClassGeneratedBy '/Game/Game.Game:PersistentLevel.Game'
[2020.05.03-19.51.35:609][299]LogSlate: Updating window title bar state: overlay mode, drag disabled, window buttons hidden, title bar hidden
[2020.05.03-19.51.35:650][299]LogPlayLevel: Display: Shutting down PIE online subsystems
[2020.05.03-19.51.35:650][299]LogBlueprintUserMessages: Late EndPlayMap Detection: Level '/Game/Game.Game:PersistentLevel' has LevelScriptBlueprint '/Game/Game.Game:PersistentLevel.Game' with GeneratedClass '/Game/Game.Game_C' with ClassGeneratedBy '/Game/Game.Game:PersistentLevel.Game'
[2020.05.03-19.51.35:689][299]LogSlate: Updating window title bar state: overlay mode, drag disabled, window buttons hidden, title bar hidden
[2020.05.03-19.51.35:719][301]LogPlayLevel: Display: Destroying online subsystem :Context_8
[2020.05.03-19.51.39:363][387]LogTemp: Repeating last play command: Selected Viewport
[2020.05.03-19.51.39:381][387]LogBlueprintUserMessages: Early PlayInEditor Detection: Level '/Game/Game.Game:PersistentLevel' has LevelScriptBlueprint '/Game/Game.Game:PersistentLevel.Game' with GeneratedClass '/Game/Game.Game_C' with ClassGeneratedBy '/Game/Game.Game:PersistentLevel.Game'
[2020.05.03-19.51.39:381][387]LogPlayLevel: PlayLevel: No blueprints needed recompiling
[2020.05.03-19.51.39:382][387]PIE: New page: PIE session: Game (3 maj 2020, 23:51:39)
[2020.05.03-19.51.39:382][387]LogPlayLevel: Creating play world package: /Game/UEDPIE_0_Game
[2020.05.03-19.51.39:386][387]LogPlayLevel: PIE: StaticDuplicateObject took: (0.003874s)
[2020.05.03-19.51.39:386][387]LogAIModule: Creating AISystem for world Game
[2020.05.03-19.51.39:387][387]LogPlayLevel: PIE: World Init took: (0.000965s)
[2020.05.03-19.51.39:387][387]LogPlayLevel: PIE: Created PIE world by copying editor world from /Game/Game.Game to /Game/UEDPIE_0_Game.Game (0.005060s)
[2020.05.03-19.51.39:420][387]LogInit: XAudio2 using 'Głośnik/Słuchawki (Realtek High Definition Audio)' : 2 channels at 48 kHz using 32 bits per sample (channel mask 0x3)
[2020.05.03-19.51.39:452][387]LogInit: FAudioDevice initialized.
[2020.05.03-19.51.39:489][387]LogLoad: Game class is 'GameModeBase'
[2020.05.03-19.51.39:491][387]LogWorld: Bringing World /Game/UEDPIE_0_Game.Game up for play (max tick rate 60) at 2020.05.03-21.51.39
[2020.05.03-19.51.39:492][387]LogWorld: Bringing up level for play took: 0.001262
[2020.05.03-19.51.39:506][387]PIE: Play in editor start time for /Game/UEDPIE_0_Game 0,335
[2020.05.03-19.51.39:506][387]LogBlueprintUserMessages: Late PlayInEditor Detection: Level '/Game/Game.Game:PersistentLevel' has LevelScriptBlueprint '/Game/Game.Game:PersistentLevel.Game' with GeneratedClass '/Game/Game.Game_C' with ClassGeneratedBy '/Game/Game.Game:PersistentLevel.Game'
[2020.05.03-19.51.46:770][584]LogBlueprintUserMessages: Early EndPlayMap Detection: Level '/Game/Game.Game:PersistentLevel' has LevelScriptBlueprint '/Game/Game.Game:PersistentLevel.Game' with GeneratedClass '/Game/Game.Game_C' with ClassGeneratedBy '/Game/Game.Game:PersistentLevel.Game'
[2020.05.03-19.51.46:770][584]LogSlate: Updating window title bar state: overlay mode, drag disabled, window buttons hidden, title bar hidden
[2020.05.03-19.51.46:811][584]LogPlayLevel: Display: Shutting down PIE online subsystems
[2020.05.03-19.51.46:812][584]LogBlueprintUserMessages: Late EndPlayMap Detection: Level '/Game/Game.Game:PersistentLevel' has LevelScriptBlueprint '/Game/Game.Game:PersistentLevel.Game' with GeneratedClass '/Game/Game.Game_C' with ClassGeneratedBy '/Game/Game.Game:PersistentLevel.Game'
[2020.05.03-19.51.46:845][584]LogSlate: Updating window title bar state: overlay mode, drag disabled, window buttons hidden, title bar hidden
[2020.05.03-19.51.46:883][585]LogPlayLevel: Display: Destroying online subsystem :Context_9
[2020.05.03-19.52.57:176][ 19]LogSavePackage: Moving '../../../../../../Users/Admin/Desktop/programowanie/game/gameJuliaKonarczak/Saved/Game_Auto4A91DD41B4C06859EED8424B54ADD3A7A.tmp' to '../../../../../../Users/Admin/Desktop/programowanie/game/gameJuliaKonarczak/Saved/Autosaves/Game/Game_Auto4.umap'
[2020.05.03-19.52.57:184][ 19]LogFileHelpers: Editor autosave (incl. sublevels) for '/Game/Game' took 0.254
[2020.05.03-19.52.57:185][ 19]LogFileHelpers: Editor autosave (incl. sublevels) for all levels took 0.254
[2020.05.03-19.53.01:662][ 85]LogTemp: Repeating last play command: Selected Viewport
[2020.05.03-19.53.01:683][ 85]LogBlueprintUserMessages: Early PlayInEditor Detection: Level '/Game/Game.Game:PersistentLevel' has LevelScriptBlueprint '/Game/Game.Game:PersistentLevel.Game' with GeneratedClass '/Game/Game.Game_C' with ClassGeneratedBy '/Game/Game.Game:PersistentLevel.Game'
[2020.05.03-19.53.01:684][ 85]LogPlayLevel: PlayLevel: No blueprints needed recompiling
[2020.05.03-19.53.01:684][ 85]PIE: New page: PIE session: Game (3 maj 2020, 23:53:01)
[2020.05.03-19.53.01:684][ 85]LogPlayLevel: Creating play world package: /Game/UEDPIE_0_Game
[2020.05.03-19.53.01:687][ 85]LogPlayLevel: PIE: StaticDuplicateObject took: (0.003393s)
[2020.05.03-19.53.01:688][ 85]LogAIModule: Creating AISystem for world Game
[2020.05.03-19.53.01:688][ 85]LogPlayLevel: PIE: World Init took: (0.000812s)
[2020.05.03-19.53.01:688][ 85]LogPlayLevel: PIE: Created PIE world by copying editor world from /Game/Game.Game to /Game/UEDPIE_0_Game.Game (0.004360s)
[2020.05.03-19.53.01:723][ 85]LogInit: XAudio2 using 'Głośnik/Słuchawki (Realtek High Definition Audio)' : 2 channels at 48 kHz using 32 bits per sample (channel mask 0x3)
[2020.05.03-19.53.01:754][ 85]LogInit: FAudioDevice initialized.
[2020.05.03-19.53.01:787][ 85]LogLoad: Game class is 'GameModeBase'
[2020.05.03-19.53.01:789][ 85]LogWorld: Bringing World /Game/UEDPIE_0_Game.Game up for play (max tick rate 60) at 2020.05.03-21.53.01
[2020.05.03-19.53.01:790][ 85]LogWorld: Bringing up level for play took: 0.001315
[2020.05.03-19.53.01:804][ 85]PIE: Play in editor start time for /Game/UEDPIE_0_Game 0,632
[2020.05.03-19.53.01:804][ 85]LogBlueprintUserMessages: Late PlayInEditor Detection: Level '/Game/Game.Game:PersistentLevel' has LevelScriptBlueprint '/Game/Game.Game:PersistentLevel.Game' with GeneratedClass '/Game/Game.Game_C' with ClassGeneratedBy '/Game/Game.Game:PersistentLevel.Game'
[2020.05.03-19.53.36:406][244]LogSlate: FSceneViewport::OnFocusLost() reason 2
[2020.05.03-19.53.38:677][325]LogBlueprintUserMessages: Early EndPlayMap Detection: Level '/Game/Game.Game:PersistentLevel' has LevelScriptBlueprint '/Game/Game.Game:PersistentLevel.Game' with GeneratedClass '/Game/Game.Game_C' with ClassGeneratedBy '/Game/Game.Game:PersistentLevel.Game'
[2020.05.03-19.53.38:677][325]LogSlate: Updating window title bar state: overlay mode, drag disabled, window buttons hidden, title bar hidden
[2020.05.03-19.53.38:721][325]LogPlayLevel: Display: Shutting down PIE online subsystems
[2020.05.03-19.53.38:721][325]LogBlueprintUserMessages: Late EndPlayMap Detection: Level '/Game/Game.Game:PersistentLevel' has LevelScriptBlueprint '/Game/Game.Game:PersistentLevel.Game' with GeneratedClass '/Game/Game.Game_C' with ClassGeneratedBy '/Game/Game.Game:PersistentLevel.Game'
[2020.05.03-19.53.38:759][325]LogSlate: Updating window title bar state: overlay mode, drag disabled, window buttons hidden, title bar hidden
[2020.05.03-19.53.38:789][327]LogPlayLevel: Display: Destroying online subsystem :Context_10
[2020.05.03-19.58.48:747][703]BlueprintLog: New page: Compile Game
[2020.05.03-19.58.52:661][805]LogTemp: Repeating last play command: Selected Viewport
[2020.05.03-19.58.52:676][805]LogBlueprintUserMessages: Early PlayInEditor Detection: Level '/Game/Game.Game:PersistentLevel' has LevelScriptBlueprint '/Game/Game.Game:PersistentLevel.Game' with GeneratedClass '/Game/Game.Game_C' with ClassGeneratedBy '/Game/Game.Game:PersistentLevel.Game'
[2020.05.03-19.58.52:676][805]LogPlayLevel: PlayLevel: No blueprints needed recompiling
[2020.05.03-19.58.52:676][805]PIE: New page: PIE session: Game (3 maj 2020, 23:58:52)
[2020.05.03-19.58.52:676][805]LogPlayLevel: Creating play world package: /Game/UEDPIE_0_Game
[2020.05.03-19.58.52:680][805]LogPlayLevel: PIE: StaticDuplicateObject took: (0.003819s)
[2020.05.03-19.58.52:681][805]LogAIModule: Creating AISystem for world Game
[2020.05.03-19.58.52:681][805]LogPlayLevel: PIE: World Init took: (0.001019s)
[2020.05.03-19.58.52:681][805]LogPlayLevel: PIE: Created PIE world by copying editor world from /Game/Game.Game to /Game/UEDPIE_0_Game.Game (0.005012s)
[2020.05.03-19.58.52:719][805]LogInit: XAudio2 using 'Głośnik/Słuchawki (Realtek High Definition Audio)' : 2 channels at 48 kHz using 32 bits per sample (channel mask 0x3)
[2020.05.03-19.58.52:751][805]LogInit: FAudioDevice initialized.
[2020.05.03-19.58.52:781][805]LogLoad: Game class is 'GameModeBase'
[2020.05.03-19.58.52:782][805]LogWorld: Bringing World /Game/UEDPIE_0_Game.Game up for play (max tick rate 60) at 2020.05.03-21.58.52
[2020.05.03-19.58.52:782][805]LogWorld: Bringing up level for play took: 0.000811
[2020.05.03-19.58.52:795][805]PIE: Play in editor start time for /Game/UEDPIE_0_Game -0,376
[2020.05.03-19.58.52:796][805]LogBlueprintUserMessages: Late PlayInEditor Detection: Level '/Game/Game.Game:PersistentLevel' has LevelScriptBlueprint '/Game/Game.Game:PersistentLevel.Game' with GeneratedClass '/Game/Game.Game_C' with ClassGeneratedBy '/Game/Game.Game:PersistentLevel.Game'
[2020.05.03-19.59.35:292][263]LogSlate: FSceneViewport::OnFocusLost() reason 2
[2020.05.03-19.59.37:355][336]LogBlueprintUserMessages: Early EndPlayMap Detection: Level '/Game/Game.Game:PersistentLevel' has LevelScriptBlueprint '/Game/Game.Game:PersistentLevel.Game' with GeneratedClass '/Game/Game.Game_C' with ClassGeneratedBy '/Game/Game.Game:PersistentLevel.Game'
[2020.05.03-19.59.37:355][336]LogSlate: Updating window title bar state: overlay mode, drag disabled, window buttons hidden, title bar hidden
[2020.05.03-19.59.37:400][336]LogPlayLevel: Display: Shutting down PIE online subsystems
[2020.05.03-19.59.37:400][336]LogBlueprintUserMessages: Late EndPlayMap Detection: Level '/Game/Game.Game:PersistentLevel' has LevelScriptBlueprint '/Game/Game.Game:PersistentLevel.Game' with GeneratedClass '/Game/Game.Game_C' with ClassGeneratedBy '/Game/Game.Game:PersistentLevel.Game'
[2020.05.03-19.59.37:437][336]LogSlate: Updating window title bar state: overlay mode, drag disabled, window buttons hidden, title bar hidden
[2020.05.03-19.59.37:467][338]LogPlayLevel: Display: Destroying online subsystem :Context_11
[2020.05.03-20.00.41:723][667]Cmd: OBJ SAVEPACKAGE PACKAGE="/Game/Game" FILE="../../../../../../Users/Admin/Desktop/programowanie/game/gameJuliaKonarczak/Content/Game.umap" SILENT=true AUTOSAVING=false KEEPDIRTY=false
[2020.05.03-20.00.41:957][667]LogSavePackage: Moving '../../../../../../Users/Admin/Desktop/programowanie/game/gameJuliaKonarczak/Saved/GameA45236324E93D4FD2ECBA5A6CEA0C325.tmp' to '../../../../../../Users/Admin/Desktop/programowanie/game/gameJuliaKonarczak/Content/Game.umap'
[2020.05.03-20.00.41:984][667]LogFileHelpers: Saving map 'Game' took 0.477
[2020.05.03-20.00.46:499][776]LogSlate: Window 'Game - Level Blueprint Editor' being destroyed
[2020.05.03-20.00.46:522][776]LogSlate: Window 'Game - Level Blueprint Editor' being destroyed
[2020.05.03-20.05.19:133][848]LogAssetEditorManager: Opening Asset editor for LevelScriptBlueprint /Game/Game.Game:PersistentLevel.Game
[2020.05.03-20.23.51:798][540]LogSlate: Window 'Game - Level Blueprint Editor' being destroyed
[2020.05.03-20.23.51:811][540]LogSlate: Window 'Game - Level Blueprint Editor' being destroyed
[2020.05.03-20.23.53:190][570]LogSlate: Window 'gameJuliaKonarczak - Unreal Editor' being destroyed
[2020.05.03-20.23.53:192][570]LogWindowsTextInputMethodSystem: Display: IME system now deactivated.
[2020.05.03-20.23.54:534][571]Cmd: QUIT_EDITOR
[2020.05.03-20.23.56:571][571]LogExit: Preparing to exit.
[2020.05.03-20.23.58:930][571]LogExit: Editor shut down
[2020.05.03-20.23.58:933][571]LogExit: Transaction tracking system shut down
[2020.05.03-20.24.04:994][571]LogExit: Object subsystem successfully closed.
[2020.05.03-20.24.06:222][571]LogShaderCompilers: Display: Shaders left to compile 0
[2020.05.03-20.24.06:614][571]LogD3D11RHI: Shutdown
[2020.05.03-20.24.06:614][571]LogD3D11RHI: CleanupD3DDevice
[2020.05.03-20.24.06:873][571]LogD3D11RHI: ~FD3D11DynamicRHI
