Log file open, 05/05/20 12:18:31
LogWindows: Failed to load 'aqProf.dll' (GetLastError=126)
LogWindows: File 'aqProf.dll' does not exist
LogWindows: Failed to load 'VSPerf140.dll' (GetLastError=126)
LogWindows: File 'VSPerf140.dll' does not exist
LogWindows: Failed to load 'VtuneApi.dll' (GetLastError=126)
LogWindows: File 'VtuneApi.dll' does not exist
LogWindows: Failed to load 'VtuneApi32e.dll' (GetLastError=126)
LogWindows: File 'VtuneApi32e.dll' does not exist
LogInit: Display: Running engine for game: gameJuliaKonarczak
LogInit: Display: Project file not found: ../../../gameJuliaKonarczak/gameJuliaKonarczak.uproject
LogInit: Display: 	Attempting to find via project info helper.
LogUProjectInfo: Found projects:
LogPakFile: Display: Found Pak file ../../../gameJuliaKonarczak/Content/Paks/gameJuliaKonarczak-WindowsNoEditor.pak attempting to mount.
LogPakFile: Display: Mounting pak file ../../../gameJuliaKonarczak/Content/Paks/gameJuliaKonarczak-WindowsNoEditor.pak.
LogPlatformFile: Not using cached read wrapper
LogTaskGraph: Started task graph with 5 named threads and 11 total threads with 3 sets of task threads.
LogStats: Stats thread started at 0.139332
LogD3D11RHI: Loaded GFSDK_Aftermath_Lib.x64.dll
LogICUInternationalization: Display: ICU TimeZone Detection - Raw Offset: +1:00, Platform Override: ''
LogPluginManager: Mounting plugin Paper2D
LogPluginManager: Mounting plugin AISupport
LogPluginManager: Mounting plugin LightPropagationVolume
LogPluginManager: Mounting plugin AssetManagerEditor
LogPluginManager: Mounting plugin CryptoKeys
LogPluginManager: Mounting plugin FacialAnimation
LogPluginManager: Mounting plugin MeshEditor
LogPluginManager: Mounting plugin EditableMesh
LogPluginManager: Mounting plugin DatasmithContent
LogPluginManager: Mounting plugin AlembicImporter
LogPluginManager: Mounting plugin GeometryCache
LogPluginManager: Mounting plugin AppleImageUtils
LogPluginManager: Mounting plugin AppleVision
LogPluginManager: Mounting plugin BackChannel
LogPluginManager: Mounting plugin CharacterAI
LogPluginManager: Mounting plugin HTML5Networking
LogPluginManager: Mounting plugin AvfMedia
LogPluginManager: Mounting plugin ImgMedia
LogPluginManager: Mounting plugin LinearTimecode
LogPluginManager: Mounting plugin MediaCompositing
LogPluginManager: Mounting plugin WmfMedia
LogPluginManager: Mounting plugin TcpMessaging
LogPluginManager: Mounting plugin UdpMessaging
LogPluginManager: Mounting plugin ActorSequence
LogPluginManager: Mounting plugin NetcodeUnitTest
LogPluginManager: Mounting plugin NUTUnrealEngine4
LogPluginManager: Mounting plugin OnlineSubsystem
LogPluginManager: Mounting plugin OnlineSubsystemNull
LogPluginManager: Mounting plugin OnlineSubsystemUtils
LogPluginManager: Mounting plugin LauncherChunkInstaller
LogPluginManager: Mounting plugin AndroidPermission
LogPluginManager: Mounting plugin ArchVisCharacter
LogPluginManager: Mounting plugin AudioCapture
LogPluginManager: Mounting plugin CableComponent
LogPluginManager: Mounting plugin CustomMeshComponent
LogPluginManager: Mounting plugin ExampleDeviceProfileSelector
LogPluginManager: Mounting plugin ImmediatePhysics
LogPluginManager: Mounting plugin LocationServicesBPLibrary
LogPluginManager: Mounting plugin MobilePatchingUtils
LogPluginManager: Mounting plugin OculusVR
LogPluginManager: Mounting plugin ProceduralMeshComponent
LogPluginManager: Mounting plugin PhysXVehicles
LogPluginManager: Mounting plugin RuntimePhysXCooking
LogPluginManager: Mounting plugin SteamVR
LogPluginManager: Mounting plugin WindowsMoviePlayer
LogStreaming: Display: Took  0.079s to configure plugins.
LogInit: Using libcurl 7.55.1-DEV
LogInit:  - built for x86_64-pc-win32
LogInit:  - supports SSL with OpenSSL/1.0.2h
LogInit:  - supports HTTP deflate (compression) using libz 1.2.8
LogInit:  - other features:
LogInit:      CURL_VERSION_SSL
LogInit:      CURL_VERSION_LIBZ
LogInit:      CURL_VERSION_IPV6
LogInit:      CURL_VERSION_ASYNCHDNS
LogInit:      CURL_VERSION_LARGEFILE
LogInit:      CURL_VERSION_IDN
LogInit:  CurlRequestOptions (configurable via config and command line):
LogInit:  - bVerifyPeer = false  - Libcurl will NOT verify peer certificate
LogInit:  - bUseHttpProxy = false  - Libcurl will NOT use HTTP proxy
LogInit:  - bDontReuseConnections = false  - Libcurl will reuse connections
LogInit:  - CertBundlePath = nullptr  - Libcurl will use whatever was configured at build time.
LogInit:  - MaxHostConnections = 16  - Libcurl will limit the number of connections to a host
LogInit:  - LocalHostAddr = Default
LogInit:  - BufferSize = 65536
LogInit: WinSock: version 1.1 (2.2), MaxSocks=32767, MaxUdp=65467
LogInit: Build: ++UE4+Release-4.20-CL-4369336
LogInit: Engine Version: 4.20.3-4369336+++UE4+Release-4.20
LogInit: Compatible Engine Version: 4.20.0-4212847+++UE4+Release-4.20
LogInit: Net CL: 4212847
LogInit: OS: Windows 10 (), CPU: Intel(R) Core(TM) i5-4200M CPU @ 2.50GHz, GPU: Intel(R) HD Graphics 4600
LogInit: Compiled (64-bit): Sep 17 2018 12:36:23
LogInit: Compiled with Visual C++: 19.00.24215.01
LogInit: Build Configuration: Development
LogInit: Branch Name: ++UE4+Release-4.20
LogInit: Command Line:  
LogInit: Base Directory: C:/Users/Admin/Desktop/programowanie/game/MazeGame/Engine/Binaries/Win64/
LogInit: Installed Engine Build: 0
LogDevObjectVersion: Number of dev versions registered: 20
LogDevObjectVersion:   Dev-Blueprints (B0D832E4-1F89-4F0D-ACCF-7EB736FD4AA2): 10
LogDevObjectVersion:   Dev-Build (E1C64328-A22C-4D53-A36C-8E866417BD8C): 0
LogDevObjectVersion:   Dev-Core (375EC13C-06E4-48FB-B500-84F0262A717E): 2
LogDevObjectVersion:   Dev-Editor (E4B068ED-F494-42E9-A231-DA0B2E46BB41): 24
LogDevObjectVersion:   Dev-Framework (CFFC743F-43B0-4480-9391-14DF171D2073): 34
LogDevObjectVersion:   Dev-Mobile (B02B49B5-BB20-44E9-A304-32B752E40360): 2
LogDevObjectVersion:   Dev-Networking (A4E4105C-59A1-49B5-A7C5-40C4547EDFEE): 0
LogDevObjectVersion:   Dev-Online (39C831C9-5AE6-47DC-9A44-9C173E1C8E7C): 0
LogDevObjectVersion:   Dev-Physics (78F01B33-EBEA-4F98-B9B4-84EACCB95AA2): 0
LogDevObjectVersion:   Dev-Platform (6631380F-2D4D-43E0-8009-CF276956A95A): 0
LogDevObjectVersion:   Dev-Rendering (12F88B9F-8875-4AFC-A67C-D90C383ABD29): 26
LogDevObjectVersion:   Dev-Sequencer (7B5AE74C-D270-4C10-A958-57980B212A5A): 9
LogDevObjectVersion:   Dev-VR (D7296918-1DD6-4BDD-9DE2-64A83CC13884): 2
LogDevObjectVersion:   Dev-LoadTimes (C2A15278-BFE7-4AFE-6C17-90FF531DF755): 1
LogDevObjectVersion:   Private-Geometry (6EACA3D4-40EC-4CC1-B786-8BED09428FC5): 3
LogDevObjectVersion:   Dev-AnimPhys (29E575DD-E0A3-4627-9D10-D276232CDCEA): 17
LogDevObjectVersion:   Dev-ReflectionCapture (6B266CEC-1EC7-4B8F-A30B-E4D90942FC07): 1
LogDevObjectVersion:   Dev-Automation (0DF73D61-A23F-47EA-B727-89E90C41499A): 1
LogDevObjectVersion:   FortniteMain (601D1886-AC64-4F84-AA16-D3DE0DEAC7D6): 12
LogDevObjectVersion:   Dev-Enterprise (9DFFBCD6-494F-0158-E221-12823C92A888): 1
LogStreaming: Display: Took  0.001s to delete old logs.
LogInit: Presizing for max 2097152 objects, including 0 objects not considered by GC, pre-allocating 0 bytes for permanent pool.
LogStreaming: Display: Async Loading initialized: Event Driven Loader: true, Async Loading Thread: false, Async Post Load: true
LogInit: Object subsystem initialized
[2020.05.05-10.18.31:509][  0]LogInit: Selected Device Profile: [WindowsNoEditor]
[2020.05.05-10.18.31:509][  0]LogInit: Applying CVar settings loaded from the selected device profile: [WindowsNoEditor]
[2020.05.05-10.18.31:516][  0]LogHAL: Display: Platform has ~ 8 GB [8501403648 / 8589934592 / 8], which maps to Default [LargestMinGB=32, LargerMinGB=12, DefaultMinGB=8, SmallerMinGB=6, SmallestMinGB=0)
[2020.05.05-10.18.31:516][  0]LogInit: Going up to parent DeviceProfile [Windows]
[2020.05.05-10.18.31:516][  0]LogInit: Setting Device Profile CVar: [[r.Vulkan.UseRealUBs:1]]
[2020.05.05-10.18.31:517][  0]LogInit: Going up to parent DeviceProfile []
[2020.05.05-10.18.31:517][  0]LogInit: Computer: DESKTOP-BLCTDO3
[2020.05.05-10.18.31:517][  0]LogInit: User: Admin
[2020.05.05-10.18.31:517][  0]LogInit: CPU Page size=4096, Cores=2
[2020.05.05-10.18.31:517][  0]LogInit: High frequency timer resolution =10.000000 MHz
[2020.05.05-10.18.31:517][  0]LogMemory: Memory total: Physical=7.9GB (8GB approx)
[2020.05.05-10.18.31:517][  0]LogMemory: Platform Memory Stats for WindowsNoEditor
[2020.05.05-10.18.31:517][  0]LogMemory: Process Physical Memory: 53.83 MB used, 53.83 MB peak
[2020.05.05-10.18.31:517][  0]LogMemory: Process Virtual Memory: 63.11 MB used, 63.11 MB peak
[2020.05.05-10.18.31:517][  0]LogMemory: Physical Memory: 5830.82 MB used,  2276.75 MB free, 8107.57 MB total
[2020.05.05-10.18.31:517][  0]LogMemory: Virtual Memory: 4397.22 MB used,  2276.75 MB free, 134217728.00 MB total
[2020.05.05-10.18.31:638][  0]LogInit: Using OS detected language (pl-PL).
[2020.05.05-10.18.31:638][  0]LogInit: Using OS detected locale (pl-PL).
[2020.05.05-10.18.31:639][  0]LogTextLocalizationManager: No localization for 'pl-PL' exists, so 'en' will be used for the language.
[2020.05.05-10.18.31:639][  0]LogTextLocalizationManager: No localization for 'pl-PL' exists, so 'en' will be used for the locale.
[2020.05.05-10.18.31:665][  0]LogStreaming: Display: Took  0.027s to InitEngineTextLocalization.
[2020.05.05-10.18.31:692][  0]LogSlate: New Slate User Created.  User Index 0, Is Virtual User: 0
[2020.05.05-10.18.31:692][  0]LogSlate: Slate User Registered.  User Index 0, Is Virtual User: 0
[2020.05.05-10.18.31:700][  0]LogHMD: Failed to initialize OpenVR with code 110
[2020.05.05-10.18.31:700][  0]LogD3D11RHI: D3D11 adapters:
[2020.05.05-10.18.31:711][  0]LogD3D11RHI:    0. 'Intel(R) HD Graphics 4600' (Feature Level 11_0)
[2020.05.05-10.18.31:711][  0]LogD3D11RHI:       112/0/2048 MB DedicatedVideo/DedicatedSystem/SharedSystem, Outputs:1, VendorId:0x8086
[2020.05.05-10.18.31:715][  0]LogD3D11RHI:    1. 'Microsoft Basic Render Driver' (Feature Level 11_0)
[2020.05.05-10.18.31:715][  0]LogD3D11RHI:       0/0/4053 MB DedicatedVideo/DedicatedSystem/SharedSystem, Outputs:0, VendorId:0x1414
[2020.05.05-10.18.31:715][  0]LogD3D11RHI: Chosen D3D11 Adapter: 0
[2020.05.05-10.18.31:721][  0]LogD3D11RHI: Creating new Direct3DDevice
[2020.05.05-10.18.31:721][  0]LogD3D11RHI:     GPU DeviceId: 0x416 (for the marketing name, search the web for "GPU Device Id")
[2020.05.05-10.18.31:721][  0]LogWindows: EnumDisplayDevices:
[2020.05.05-10.18.31:722][  0]LogWindows:    0. 'Intel(R) HD Graphics 4600' (P:1 D:1)
[2020.05.05-10.18.31:723][  0]LogWindows:    1. 'Intel(R) HD Graphics 4600' (P:0 D:0)
[2020.05.05-10.18.31:724][  0]LogWindows:    2. 'Intel(R) HD Graphics 4600' (P:0 D:0)
[2020.05.05-10.18.31:724][  0]LogWindows: DebugString: FoundDriverCount:3 
[2020.05.05-10.18.31:724][  0]LogD3D11RHI:     Adapter Name: Intel(R) HD Graphics 4600
[2020.05.05-10.18.31:724][  0]LogD3D11RHI:   Driver Version: 20.19.15.4531 (internal:20.19.15.4531, unified:20.19.15.4531)
[2020.05.05-10.18.31:724][  0]LogD3D11RHI:      Driver Date: 9-29-2016
[2020.05.05-10.18.31:724][  0]LogRHI: Texture pool is 795 MB (70% of 1136 MB)
[2020.05.05-10.18.31:732][  0]LogD3D11RHI: Async texture creation enabled
[2020.05.05-10.18.31:739][  0]LogD3D11RHI: GPU Timing Frequency: 12.500000 (Debug: 2 0)
[2020.05.05-10.18.31:740][  0]LogShaderLibrary: Display: Failed to load Shared Shader Library: Global and no native library supported.
[2020.05.05-10.18.31:741][  0]LogShaderLibrary: Display: Failed to load Shared Shader Library: Global_SC and no native library supported.
[2020.05.05-10.18.31:741][  0]LogShaderLibrary: Display: Failed to load Shared Shader Library: Paper2D and no native library supported.
[2020.05.05-10.18.31:741][  0]LogShaderLibrary: Display: Failed to load Shared Shader Library: Paper2D_SC and no native library supported.
[2020.05.05-10.18.31:741][  0]LogShaderLibrary: Display: Failed to load Shared Shader Library: Paper2D and no native library supported.
[2020.05.05-10.18.31:741][  0]LogShaderLibrary: Display: Failed to load Shared Shader Library: Paper2D_SC and no native library supported.
[2020.05.05-10.18.31:741][  0]LogShaderLibrary: Display: Failed to load Shared Shader Library: CryptoKeys and no native library supported.
[2020.05.05-10.18.31:741][  0]LogShaderLibrary: Display: Failed to load Shared Shader Library: CryptoKeys_SC and no native library supported.
[2020.05.05-10.18.31:741][  0]LogShaderLibrary: Display: Failed to load Shared Shader Library: CryptoKeys and no native library supported.
[2020.05.05-10.18.31:741][  0]LogShaderLibrary: Display: Failed to load Shared Shader Library: CryptoKeys_SC and no native library supported.
[2020.05.05-10.18.31:741][  0]LogShaderLibrary: Display: Failed to load Shared Shader Library: MeshEditor and no native library supported.
[2020.05.05-10.18.31:742][  0]LogShaderLibrary: Display: Failed to load Shared Shader Library: MeshEditor_SC and no native library supported.
[2020.05.05-10.18.31:742][  0]LogShaderLibrary: Display: Failed to load Shared Shader Library: MeshEditor and no native library supported.
[2020.05.05-10.18.31:742][  0]LogShaderLibrary: Display: Failed to load Shared Shader Library: MeshEditor_SC and no native library supported.
[2020.05.05-10.18.31:742][  0]LogShaderLibrary: Display: Failed to load Shared Shader Library: DatasmithContent and no native library supported.
[2020.05.05-10.18.31:742][  0]LogShaderLibrary: Display: Failed to load Shared Shader Library: DatasmithContent_SC and no native library supported.
[2020.05.05-10.18.31:742][  0]LogShaderLibrary: Display: Failed to load Shared Shader Library: DatasmithContent and no native library supported.
[2020.05.05-10.18.31:742][  0]LogShaderLibrary: Display: Failed to load Shared Shader Library: DatasmithContent_SC and no native library supported.
[2020.05.05-10.18.31:742][  0]LogShaderLibrary: Display: Failed to load Shared Shader Library: MediaCompositing and no native library supported.
[2020.05.05-10.18.31:742][  0]LogShaderLibrary: Display: Failed to load Shared Shader Library: MediaCompositing_SC and no native library supported.
[2020.05.05-10.18.31:742][  0]LogShaderLibrary: Display: Failed to load Shared Shader Library: MediaCompositing and no native library supported.
[2020.05.05-10.18.31:742][  0]LogShaderLibrary: Display: Failed to load Shared Shader Library: MediaCompositing_SC and no native library supported.
[2020.05.05-10.18.31:743][  0]LogShaderLibrary: Display: Failed to load Shared Shader Library: OculusVR and no native library supported.
[2020.05.05-10.18.31:743][  0]LogShaderLibrary: Display: Failed to load Shared Shader Library: OculusVR_SC and no native library supported.
[2020.05.05-10.18.31:743][  0]LogShaderLibrary: Display: Failed to load Shared Shader Library: OculusVR and no native library supported.
[2020.05.05-10.18.31:743][  0]LogShaderLibrary: Display: Failed to load Shared Shader Library: OculusVR_SC and no native library supported.
[2020.05.05-10.18.31:743][  0]LogShaderLibrary: Display: Failed to load Shared Shader Library: SteamVR and no native library supported.
[2020.05.05-10.18.31:743][  0]LogShaderLibrary: Display: Failed to load Shared Shader Library: SteamVR_SC and no native library supported.
[2020.05.05-10.18.31:743][  0]LogShaderLibrary: Display: Failed to load Shared Shader Library: SteamVR and no native library supported.
[2020.05.05-10.18.31:743][  0]LogShaderLibrary: Display: Failed to load Shared Shader Library: SteamVR_SC and no native library supported.
[2020.05.05-10.18.31:743][  0]LogRHI: Display: Failed to open default shader pipeline cache for gameJuliaKonarczak using shader platform 0.
[2020.05.05-10.18.31:762][  0]LogMaterial: Verifying Global Shaders for PCD3D_SM5
[2020.05.05-10.18.31:786][  0]LogSlate: Using FreeType 2.6.0
[2020.05.05-10.18.31:787][  0]LogSlate: SlateFontServices - WITH_FREETYPE: 1, WITH_HARFBUZZ: 1
[2020.05.05-10.18.31:827][  0]LogShaderLibrary: Display: Failed to load Shared Shader Library: gameJuliaKonarczak and no native library supported.
[2020.05.05-10.18.31:827][  0]LogShaderLibrary: Display: Failed to load Shared Shader Library: gameJuliaKonarczak_SC and no native library supported.
[2020.05.05-10.18.31:829][  0]LogRHI: Display: Failed to open default shader pipeline cache for gameJuliaKonarczak using shader platform 0.
[2020.05.05-10.18.31:829][  0]LogShaderLibrary: Display: Failed to load Shared Shader Library: gameJuliaKonarczak and no native library supported.
[2020.05.05-10.18.31:829][  0]LogShaderLibrary: Display: Failed to load Shared Shader Library: gameJuliaKonarczak_SC and no native library supported.
[2020.05.05-10.18.31:829][  0]LogRHI: Display: Failed to open default shader pipeline cache for gameJuliaKonarczak using shader platform 0.
[2020.05.05-10.18.31:829][  0]LogInit: Using OS detected language (pl-PL).
[2020.05.05-10.18.31:829][  0]LogInit: Using OS detected locale (pl-PL).
[2020.05.05-10.18.31:830][  0]LogTextLocalizationManager: No localization for 'pl-PL' exists, so 'en' will be used for the language.
[2020.05.05-10.18.31:830][  0]LogTextLocalizationManager: No localization for 'pl-PL' exists, so 'en' will be used for the locale.
[2020.05.05-10.18.31:830][  0]LogStreaming: Display: Took  0.001s to InitGameTextLocalization.
[2020.05.05-10.18.31:843][  0]LogAssetRegistry: FAssetRegistry took 0.0124 seconds to start up
[2020.05.05-10.18.31:957][  0]LogStreaming: Display: Flushing async loaders.
[2020.05.05-10.18.31:970][  0]LogPackageLocalizationCache: Processed 9 localized package path(s) for 1 prioritized culture(s) in 0.012616 seconds
[2020.05.05-10.18.31:971][  0]LogPakFile: New pak file ../../../gameJuliaKonarczak/Content/Paks/gameJuliaKonarczak-WindowsNoEditor.pak added to pak precacher.
[2020.05.05-10.18.31:973][  0]LogInit: Selected Device Profile: [WindowsNoEditor]
[2020.05.05-10.18.31:994][  0]LogNetVersion: gameJuliaKonarczak 1.0.0, NetCL: 4212847, EngineNetVer: 5, GameNetVer: 0 (Checksum: 2658559661)
[2020.05.05-10.18.32:191][  0]LogMoviePlayer: Initializing movie player
[2020.05.05-10.18.32:320][  0]LogAndroidPermission: UAndroidPermissionCallbackProxy::GetInstance
[2020.05.05-10.18.32:320][  0]LogOcInput: OculusInput pre-init called
[2020.05.05-10.18.32:330][  0]LogUObjectArray: 33875 objects as part of root set at end of initial load.
[2020.05.05-10.18.32:330][  0]LogUObjectAllocator: 5085280 out of 0 bytes used by permanent object pool.
[2020.05.05-10.18.32:330][  0]LogUObjectArray: CloseDisregardForGC: 0/0 objects in disregard for GC pool
[2020.05.05-10.18.32:342][  0]LogEngine: Initializing Engine...
[2020.05.05-10.18.32:343][  0]LogHMD: Failed to initialize OpenVR with code 110
[2020.05.05-10.18.32:356][  0]LogStats: UGameplayTagsManager::ConstructGameplayTagTree: ImportINI prefixes -  0.000 s
[2020.05.05-10.18.32:356][  0]LogStats: UGameplayTagsManager::ConstructGameplayTagTree: Construct from data asset -  0.000 s
[2020.05.05-10.18.32:356][  0]LogStats: UGameplayTagsManager::ConstructGameplayTagTree: ImportINI -  0.000 s
[2020.05.05-10.18.32:356][  0]LogStats: UGameplayTagsManager::ConstructGameplayTagTree: GameplayTagTreeChangedEvent.Broadcast -  0.000 s
[2020.05.05-10.18.32:471][  0]LogInit: Initializing FReadOnlyCVARCache
[2020.05.05-10.18.32:597][  0]LogInit: XAudio2 using 'Głośnik/Słuchawki (Realtek High Definition Audio)' : 2 channels at 48 kHz using 32 bits per sample (channel mask 0x3)
[2020.05.05-10.18.32:684][  0]LogInit: FAudioDevice initialized.
[2020.05.05-10.18.32:696][  0]LogNetVersion: Set ProjectVersion to 1.0.0.0. Version Checksum will be recalculated on next use.
[2020.05.05-10.18.32:696][  0]LogInit: Texture streaming: Enabled
[2020.05.05-10.18.32:727][  0]LogSlate: Updating window title bar state: overlay mode, drag disabled, window buttons hidden, title bar hidden
[2020.05.05-10.18.32:727][  0]LogInit: Display: Game Engine Initialized.
[2020.05.05-10.18.32:728][  0]LogGameplayTags: Display: UGameplayTagsManager::DoneAddingNativeTags. DelegateIsBound: 0
[2020.05.05-10.18.32:728][  0]LogStats: UGameplayTagsManager::ConstructGameplayTagTree: ImportINI prefixes -  0.000 s
[2020.05.05-10.18.32:728][  0]LogStats: UGameplayTagsManager::ConstructGameplayTagTree: Construct from data asset -  0.000 s
[2020.05.05-10.18.32:728][  0]LogStats: UGameplayTagsManager::ConstructGameplayTagTree: ImportINI -  0.000 s
[2020.05.05-10.18.32:728][  0]LogStats: UGameplayTagsManager::ConstructGameplayTagTree: GameplayTagTreeChangedEvent.Broadcast -  0.000 s
[2020.05.05-10.18.32:751][  0]LogInit: Display: Starting Game.
[2020.05.05-10.18.32:752][  0]LogNet: Browse: /Game/StarterContent/Maps/Level1?Name=Player
[2020.05.05-10.18.32:752][  0]LogLoad: LoadMap: /Game/StarterContent/Maps/Level1?Name=Player
[2020.05.05-10.18.32:833][  0]LogAIModule: Creating AISystem for world Level1
[2020.05.05-10.18.32:833][  0]LogLoad: Game class is 'GameModeBase'
[2020.05.05-10.18.32:836][  0]PIE: Warning: Trying to simulate physics on ''/Game/StarterContent/Maps/Level1.Level1:PersistentLevel.Box_Brush2_StaticMesh.StaticMeshComponent0'' but it has ComplexAsSimple collision.
[2020.05.05-10.18.32:836][  0]LogWorld: Bringing World /Game/StarterContent/Maps/Level1.Level1 up for play (max tick rate 0) at 2020.05.05-12.18.32
[2020.05.05-10.18.32:837][  0]LogWorld: Bringing up level for play took: 0.002942
[2020.05.05-10.18.32:840][  0]LogBlueprintUserMessages: [Level1_C_13] „Witaj w moim labiryncie! Sprawdźmy jak szybko z niego uciekniesz!”
[2020.05.05-10.18.32:840][  0]LogLoad: Took 0.087996 seconds to LoadMap(/Game/StarterContent/Maps/Level1)
[2020.05.05-10.18.32:886][  0]LogSlate: Took 0.000298 seconds to synchronously load lazily loaded font '../../../Engine/Content/EngineFonts/Faces/RobotoRegular.ufont' (155K)
[2020.05.05-10.18.32:896][  0]LogRenderer: Reallocating scene render targets to support 1600x900 Format 10 NumSamples 1 (Frame:1).
[2020.05.05-10.18.32:896][  0]LogLoad: (Engine Initialization) Total time: 1.92 seconds
[2020.05.05-10.18.33:432][  0]LogContentStreaming: Texture pool size now 1000 MB
[2020.05.05-10.18.58:410][354]LogNet: Browse: /Game/StarterContent/Maps/Level1
[2020.05.05-10.18.58:478][354]LogLoad: LoadMap: /Game/StarterContent/Maps/Level1
[2020.05.05-10.18.58:512][354]LogStreaming: Display: Flushing async loaders.
[2020.05.05-10.18.58:569][354]LogAIModule: Creating AISystem for world Level1
[2020.05.05-10.18.58:569][354]LogLoad: Game class is 'GameModeBase'
[2020.05.05-10.18.58:571][354]PIE: Warning: Trying to simulate physics on ''/Game/StarterContent/Maps/Level1.Level1:PersistentLevel.Box_Brush2_StaticMesh.StaticMeshComponent0'' but it has ComplexAsSimple collision.
[2020.05.05-10.18.58:571][354]LogWorld: Bringing World /Game/StarterContent/Maps/Level1.Level1 up for play (max tick rate 0) at 2020.05.05-12.18.58
[2020.05.05-10.18.58:571][354]LogWorld: Bringing up level for play took: 0.000924
[2020.05.05-10.18.58:574][354]LogBlueprintUserMessages: [Level1_C_13] „Witaj w moim labiryncie! Sprawdźmy jak szybko z niego uciekniesz!”
[2020.05.05-10.18.58:576][354]LogLoad: Took 0.097857 seconds to LoadMap(/Game/StarterContent/Maps/Level1)
[2020.05.05-10.19.01:120][390]Closing by request
[2020.05.05-10.19.01:120][390]LogWindows: FPlatformMisc::RequestExit(0)
[2020.05.05-10.19.01:359][391]LogSlate: Request Window 'gameJuliaKonarczak (64-bit Development PCD3D_SM5) ' being destroyed
[2020.05.05-10.19.01:389][391]LogSlate: Window 'gameJuliaKonarczak (64-bit Development PCD3D_SM5) ' being destroyed
[2020.05.05-10.19.01:390][391]LogWindowsTextInputMethodSystem: Display: IME system now deactivated.
[2020.05.05-10.19.01:441][391]LogSlate: Slate User Destroyed.  User Index 0, Is Virtual User: 0
[2020.05.05-10.19.01:442][391]LogExit: Preparing to exit.
[2020.05.05-10.19.01:442][391]LogMoviePlayer: Shutting down movie player
[2020.05.05-10.19.01:453][391]LogSlate: Updating window title bar state: overlay mode, drag disabled, window buttons hidden, title bar hidden
[2020.05.05-10.19.01:457][391]LogExit: Game engine shut down
[2020.05.05-10.19.01:517][391]LogExit: Object subsystem successfully closed.
[2020.05.05-10.19.01:523][391]LogD3D11RHI: Shutdown
[2020.05.05-10.19.01:523][391]LogD3D11RHI: CleanupD3DDevice
[2020.05.05-10.19.01:527][391]LogD3D11RHI: ~FD3D11DynamicRHI
[2020.05.05-10.19.01:528][391]LogModuleManager: Shutting down and abandoning module AutomationController (186)
[2020.05.05-10.19.01:528][391]LogModuleManager: Shutting down and abandoning module AutomationWorker (184)
[2020.05.05-10.19.01:528][391]LogModuleManager: Shutting down and abandoning module Voice (182)
[2020.05.05-10.19.01:528][391]LogModuleManager: Shutting down and abandoning module AIModule (180)
[2020.05.05-10.19.01:528][391]LogModuleManager: Shutting down and abandoning module GameplayDebugger (179)
[2020.05.05-10.19.01:528][391]LogModuleManager: Shutting down and abandoning module NavigationSystem (177)
[2020.05.05-10.19.01:528][391]LogModuleManager: Shutting down and abandoning module WmfMediaFactory (174)
[2020.05.05-10.19.01:528][391]LogModuleManager: Shutting down and abandoning module OpenExrWrapper (172)
[2020.05.05-10.19.01:528][391]LogModuleManager: Shutting down and abandoning module ImgMediaFactory (170)
[2020.05.05-10.19.01:528][391]LogModuleManager: Shutting down and abandoning module AvfMediaFactory (168)
[2020.05.05-10.19.01:528][391]LogModuleManager: Shutting down and abandoning module CharacterAI (166)
[2020.05.05-10.19.01:528][391]LogModuleManager: Shutting down and abandoning module SessionServices (164)
[2020.05.05-10.19.01:528][391]LogModuleManager: Shutting down and abandoning module MovieSceneTracks (162)
[2020.05.05-10.19.01:528][391]LogModuleManager: Shutting down and abandoning module MovieScene (160)
[2020.05.05-10.19.01:528][391]LogModuleManager: Shutting down and abandoning module StreamingPauseRendering (158)
[2020.05.05-10.19.01:528][391]LogModuleManager: Shutting down and abandoning module ProfilerService (156)
[2020.05.05-10.19.01:651][391]LogModuleManager: Shutting down and abandoning module TaskGraph (154)
[2020.05.05-10.19.01:651][391]LogModuleManager: Shutting down and abandoning module SteamVRController (152)
[2020.05.05-10.19.01:651][391]LogModuleManager: Shutting down and abandoning module ProceduralMeshComponent (150)
[2020.05.05-10.19.01:652][391]LogModuleManager: Shutting down and abandoning module OculusInput (148)
[2020.05.05-10.19.01:652][391]LogModuleManager: Shutting down and abandoning module MobilePatchingUtils (146)
[2020.05.05-10.19.01:652][391]LogModuleManager: Shutting down and abandoning module CustomMeshComponent (144)
[2020.05.05-10.19.01:652][391]LogModuleManager: Shutting down and abandoning module CableComponent (142)
[2020.05.05-10.19.01:652][391]LogModuleManager: Shutting down and abandoning module AudioCapture (140)
[2020.05.05-10.19.01:652][391]LogModuleManager: Shutting down and abandoning module ArchVisCharacter (138)
[2020.05.05-10.19.01:652][391]LogModuleManager: Shutting down and abandoning module AndroidPermission (136)
[2020.05.05-10.19.01:652][391]LogModuleManager: Shutting down and abandoning module MediaCompositing (134)
[2020.05.05-10.19.01:652][391]LogModuleManager: Shutting down and abandoning module LinearTimecode (132)
[2020.05.05-10.19.01:652][391]LogModuleManager: Shutting down and abandoning module ImgMedia (130)
[2020.05.05-10.19.01:655][391]LogModuleManager: Shutting down and abandoning module HTML5Networking (128)
[2020.05.05-10.19.01:655][391]LogModuleManager: Shutting down and abandoning module BackChannel (126)
[2020.05.05-10.19.01:656][391]LogModuleManager: Shutting down and abandoning module AppleVision (124)
[2020.05.05-10.19.01:656][391]LogModuleManager: Shutting down and abandoning module AppleImageUtils (122)
[2020.05.05-10.19.01:656][391]LogModuleManager: Shutting down and abandoning module GeometryCacheTracks (120)
[2020.05.05-10.19.01:656][391]LogModuleManager: Shutting down and abandoning module GeometryCache (118)
[2020.05.05-10.19.01:656][391]LogModuleManager: Shutting down and abandoning module DatasmithContent (116)
[2020.05.05-10.19.01:657][391]LogModuleManager: Shutting down and abandoning module EditableMesh (114)
[2020.05.05-10.19.01:657][391]LogModuleManager: Shutting down and abandoning module RuntimePhysXCooking (112)
[2020.05.05-10.19.01:657][391]LogModuleManager: Shutting down and abandoning module PhysXVehicles (110)
[2020.05.05-10.19.01:657][391]LogModuleManager: Shutting down and abandoning module LocationServicesBPLibrary (108)
[2020.05.05-10.19.01:657][391]LogModuleManager: Shutting down and abandoning module ImmediatePhysics (106)
[2020.05.05-10.19.01:657][391]LogModuleManager: Shutting down and abandoning module ActorSequence (104)
[2020.05.05-10.19.01:657][391]LogModuleManager: Shutting down and abandoning module UdpMessaging (102)
[2020.05.05-10.19.01:657][391]LogModuleManager: Shutting down and abandoning module TcpMessaging (100)
[2020.05.05-10.19.01:658][391]LogModuleManager: Shutting down and abandoning module FacialAnimation (98)
[2020.05.05-10.19.01:658][391]LogModuleManager: Shutting down and abandoning module LightPropagationVolumeRuntime (96)
[2020.05.05-10.19.01:658][391]LogModuleManager: Shutting down and abandoning module AISupportModule (94)
[2020.05.05-10.19.01:658][391]LogModuleManager: Shutting down and abandoning module Paper2D (92)
[2020.05.05-10.19.01:658][391]LogModuleManager: Shutting down and abandoning module WindowsMoviePlayer (90)
[2020.05.05-10.19.01:658][391]LogModuleManager: Shutting down and abandoning module WmfMedia (88)
[2020.05.05-10.19.01:659][391]LogModuleManager: Shutting down and abandoning module Media (87)
[2020.05.05-10.19.01:665][391]LogModuleManager: Shutting down and abandoning module PacketHandler (84)
[2020.05.05-10.19.01:665][391]LogModuleManager: Shutting down and abandoning module ClothingSystemRuntime (82)
[2020.05.05-10.19.01:666][391]LogModuleManager: Shutting down and abandoning module MediaAssets (80)
[2020.05.05-10.19.01:666][391]LogModuleManager: Shutting down and abandoning module Overlay (78)
[2020.05.05-10.19.01:666][391]LogModuleManager: Shutting down and abandoning module UMG (76)
[2020.05.05-10.19.01:666][391]LogModuleManager: Shutting down and abandoning module SlateReflector (74)
[2020.05.05-10.19.01:666][391]LogModuleManager: Shutting down and abandoning module Slate (72)
[2020.05.05-10.19.01:666][391]LogModuleManager: Shutting down and abandoning module MRMesh (70)
[2020.05.05-10.19.01:666][391]LogModuleManager: Shutting down and abandoning module Messaging (68)
[2020.05.05-10.19.01:666][391]LogModuleManager: Shutting down and abandoning module HeadMountedDisplay (66)
[2020.05.05-10.19.01:666][391]LogModuleManager: Shutting down and abandoning module XAudio2 (64)
[2020.05.05-10.19.01:666][391]LogModuleManager: Shutting down and abandoning module Networking (62)
[2020.05.05-10.19.01:666][391]LogModuleManager: Shutting down and abandoning module Core (60)
[2020.05.05-10.19.01:667][391]LogModuleManager: Shutting down and abandoning module LevelSequence (58)
[2020.05.05-10.19.01:667][391]LogModuleManager: Shutting down and abandoning module ImageWrapper (54)
[2020.05.05-10.19.01:667][391]LogModuleManager: Shutting down and abandoning module InputCore (52)
[2020.05.05-10.19.01:667][391]LogModuleManager: Shutting down and abandoning module PhysXCooking (50)
[2020.05.05-10.19.01:667][391]LogModuleManager: Shutting down and abandoning module SteamVR (48)
[2020.05.05-10.19.01:667][391]LogModuleManager: Shutting down and abandoning module OculusHMD (46)
[2020.05.05-10.19.01:667][391]LogModuleManager: Shutting down and abandoning module ExampleDeviceProfileSelector (44)
[2020.05.05-10.19.01:667][391]LogModuleManager: Shutting down and abandoning module LauncherChunkInstaller (42)
[2020.05.05-10.19.01:667][391]LogModuleManager: Shutting down and abandoning module OnlineSubsystem (38)
[2020.05.05-10.19.01:668][391]LogModuleManager: Shutting down and abandoning module HTTP (33)
[2020.05.05-10.19.01:678][391]LogModuleManager: Shutting down and abandoning module SSL (32)
[2020.05.05-10.19.01:678][391]LogModuleManager: Shutting down and abandoning module ShaderCore (28)
[2020.05.05-10.19.01:678][391]LogModuleManager: Shutting down and abandoning module Landscape (26)
[2020.05.05-10.19.01:678][391]LogModuleManager: Shutting down and abandoning module SlateRHIRenderer (24)
[2020.05.05-10.19.01:680][391]LogModuleManager: Shutting down and abandoning module OpenGLDrv (22)
[2020.05.05-10.19.01:680][391]LogModuleManager: Shutting down and abandoning module D3D11RHI (20)
[2020.05.05-10.19.01:680][391]LogModuleManager: Shutting down and abandoning module AnimGraphRuntime (18)
[2020.05.05-10.19.01:680][391]LogModuleManager: Shutting down and abandoning module Renderer (16)
[2020.05.05-10.19.01:680][391]LogModuleManager: Shutting down and abandoning module Engine (14)
[2020.05.05-10.19.01:681][391]LogModuleManager: Shutting down and abandoning module CoreUObject (12)
[2020.05.05-10.19.01:681][391]LogModuleManager: Shutting down and abandoning module NetworkFile (10)
[2020.05.05-10.19.01:681][391]LogModuleManager: Shutting down and abandoning module CookedIterativeFile (8)
[2020.05.05-10.19.01:681][391]LogModuleManager: Shutting down and abandoning module StreamingFile (6)
[2020.05.05-10.19.01:681][391]LogModuleManager: Shutting down and abandoning module SandboxFile (4)
[2020.05.05-10.19.01:681][391]LogModuleManager: Shutting down and abandoning module PakFile (2)
[2020.05.05-10.19.01:684][391]LogExit: Exiting.
[2020.05.05-10.19.01:694][391]Log file closed, 05/05/20 12:19:01
